<?xml version="1.0" encoding="UTF-8"?>
<testsuites name="SauceDemo" time="152.557" tests="12" failures="1" errors="0">
   <testsuite name="SauceDemo" tests="12" failures="1" errors="0" time="152.557" skipped="0" timestamp="19-07-2024T18:03:05" hostname="usman - 192.168.0.125" id="Test Suites/SauceDemo">
      <properties>
         <property name="deviceName" value=""/>
         <property name="devicePlatform"/>
         <property name="logFolder" value="C:\\Users\\usman\\Katalon Studio\\SauceDemo\\Reports\\20240719_180258\\SauceDemo\\20240719_180258"/>
         <property name="logFiles" value="C:\\Users\\usman\\Katalon Studio\\SauceDemo\\Reports\\20240719_180258\\SauceDemo\\20240719_180258\\execution0.log"/>
         <property name="attachments" value=""/>
         <property name="hostName" value="usman - 192.168.0.125"/>
         <property name="os" value="Windows 11 64bit"/>
         <property name="katalonVersion" value="9.5.0.217"/>
         <property name="browser" value="Chrome 126.0.0.0"/>
         <property name="hostAddress" value="192.168.0.125"/>
         <property name="sessionId" value="902d3c92e0a966f8015f50c7363611a0"/>
         <property name="seleniumVersion" value="3.141.59"/>
         <property name="proxyInformation" value="ProxyInformation { proxyOption=NO_PROXY, proxyServerType=HTTP, username=, password=********, proxyServerAddress=, proxyServerPort=0, executionList=&quot;&quot;, isApplyToDesiredCapabilities=true }"/>
         <property name="platform" value="Windows 11"/>
      </properties>
      <testcase name="Test Cases/SauceDemo/Data Driven/Login_DataDriven" time="9.658" classname="Test Cases/SauceDemo/Data Driven/Login_DataDriven" status="PASSED">
         <system-out><![CDATA[19-07-2024T18:03:05 - [TEST_CASE][PASSED] - Test Cases/SauceDemo/Data Driven/Login_DataDriven: Test Cases/SauceDemo/Data Driven/Login_DataDriven

19-07-2024T18:03:06 - [TEST_STEP][PASSED] - openBrowser(""): Browser is opened with url: ''

19-07-2024T18:03:06 - [MESSAGE][INFO] - Starting 'Chrome' driver

19-07-2024T18:03:06 - [MESSAGE][INFO] - Action delay is set to 0 milliseconds

19-07-2024T18:03:09 - [MESSAGE][PASSED] - Browser is opened with url: ''

19-07-2024T18:03:09 - [TEST_STEP][PASSED] - navigateToUrl("https://www.saucedemo.com/"): Navigate to 'https://www.saucedemo.com/' successfully

19-07-2024T18:03:10 - [MESSAGE][PASSED] - Navigate to 'https://www.saucedemo.com/' successfully

19-07-2024T18:03:10 - [TEST_STEP][PASSED] - verifyElementPresent(findTestObject("SauceDemo/Logo"), 0): Object 'Object Repository/SauceDemo/Logo' is present

19-07-2024T18:03:10 - [MESSAGE][WARNING] - Timeout '0' is invalid. Using default page load timeout: '30'

19-07-2024T18:03:10 - [MESSAGE][PASSED] - Object 'Object Repository/SauceDemo/Logo' is present

19-07-2024T18:03:10 - [TEST_STEP][PASSED] - setText(findTestObject("Object Repository/SauceDemo/Page_Swag Labs/input_Swag Labs_user-name"), Username): Text 'standard_user' is set on object 'Object Repository/SauceDemo/Page_Swag Labs/input_Swag Labs_user-name'

19-07-2024T18:03:12 - [MESSAGE][PASSED] - Text 'standard_user' is set on object 'Object Repository/SauceDemo/Page_Swag Labs/input_Swag Labs_user-name'

19-07-2024T18:03:12 - [TEST_STEP][PASSED] - setText(findTestObject("Object Repository/SauceDemo/Page_Swag Labs/input_Swag Labs_password"), Password): Text 'secret_sauce' is set on object 'Object Repository/SauceDemo/Page_Swag Labs/input_Swag Labs_password'

19-07-2024T18:03:13 - [MESSAGE][PASSED] - Text 'secret_sauce' is set on object 'Object Repository/SauceDemo/Page_Swag Labs/input_Swag Labs_password'

19-07-2024T18:03:13 - [TEST_STEP][PASSED] - click(findTestObject("Object Repository/SauceDemo/Page_Swag Labs/input_Swag Labs_login-button")): Object: 'Object Repository/SauceDemo/Page_Swag Labs/input_Swag Labs_login-button' is clicked on

19-07-2024T18:03:13 - [MESSAGE][PASSED] - Object: 'Object Repository/SauceDemo/Page_Swag Labs/input_Swag Labs_login-button' is clicked on

19-07-2024T18:03:13 - [TEST_STEP][PASSED] - click(findTestObject("Object Repository/SauceDemo/Page_Swag Labs/div_Swag Labs")): Object: 'Object Repository/SauceDemo/Page_Swag Labs/div_Swag Labs' is clicked on

19-07-2024T18:03:14 - [MESSAGE][PASSED] - Object: 'Object Repository/SauceDemo/Page_Swag Labs/div_Swag Labs' is clicked on

19-07-2024T18:03:14 - [TEST_STEP][PASSED] - verifyElementText(findTestObject("Object Repository/SauceDemo/Page_Swag Labs/div_Swag Labs"), "Swag Labs"): Actual text and expected text of test object 'Object Repository/SauceDemo/Page_Swag Labs/div_Swag Labs' are matched.

19-07-2024T18:03:14 - [MESSAGE][PASSED] - Actual text and expected text of test object 'Object Repository/SauceDemo/Page_Swag Labs/div_Swag Labs' are matched.

19-07-2024T18:03:14 - [TEST_STEP][PASSED] - click(findTestObject("SauceDemo/HomePage/MenuButton")): Object: 'Object Repository/SauceDemo/HomePage/MenuButton' is clicked on

19-07-2024T18:03:14 - [MESSAGE][PASSED] - Object: 'Object Repository/SauceDemo/HomePage/MenuButton' is clicked on

19-07-2024T18:03:14 - [TEST_STEP][PASSED] - click(findTestObject("SauceDemo/HomePage/Logout")): Object: 'Object Repository/SauceDemo/HomePage/Logout' is clicked on

19-07-2024T18:03:15 - [MESSAGE][PASSED] - Object: 'Object Repository/SauceDemo/HomePage/Logout' is clicked on]]></system-out>
         <system-err><![CDATA[]]></system-err>
      </testcase>
      <testcase name="Test Cases/SauceDemo/Data Driven/Login_DataDriven" time="7.796" classname="Test Cases/SauceDemo/Data Driven/Login_DataDriven" status="PASSED">
         <system-out><![CDATA[19-07-2024T18:03:15 - [TEST_CASE][PASSED] - Test Cases/SauceDemo/Data Driven/Login_DataDriven: Test Cases/SauceDemo/Data Driven/Login_DataDriven

19-07-2024T18:03:15 - [TEST_STEP][PASSED] - openBrowser(""): Browser is opened with url: ''

19-07-2024T18:03:15 - [MESSAGE][WARNING] - A browser is already opened. Closing browser and opening a new one

19-07-2024T18:03:15 - [MESSAGE][INFO] - Starting 'Chrome' driver

19-07-2024T18:03:15 - [MESSAGE][INFO] - Action delay is set to 0 milliseconds

19-07-2024T18:03:16 - [MESSAGE][PASSED] - Browser is opened with url: ''

19-07-2024T18:03:16 - [TEST_STEP][PASSED] - navigateToUrl("https://www.saucedemo.com/"): Navigate to 'https://www.saucedemo.com/' successfully

19-07-2024T18:03:18 - [MESSAGE][PASSED] - Navigate to 'https://www.saucedemo.com/' successfully

19-07-2024T18:03:18 - [TEST_STEP][PASSED] - verifyElementPresent(findTestObject("SauceDemo/Logo"), 0): Object 'Object Repository/SauceDemo/Logo' is present

19-07-2024T18:03:18 - [MESSAGE][WARNING] - Timeout '0' is invalid. Using default page load timeout: '30'

19-07-2024T18:03:19 - [MESSAGE][PASSED] - Object 'Object Repository/SauceDemo/Logo' is present

19-07-2024T18:03:19 - [TEST_STEP][PASSED] - setText(findTestObject("Object Repository/SauceDemo/Page_Swag Labs/input_Swag Labs_user-name"), Username): Text 'problem_user' is set on object 'Object Repository/SauceDemo/Page_Swag Labs/input_Swag Labs_user-name'

19-07-2024T18:03:20 - [MESSAGE][PASSED] - Text 'problem_user' is set on object 'Object Repository/SauceDemo/Page_Swag Labs/input_Swag Labs_user-name'

19-07-2024T18:03:20 - [TEST_STEP][PASSED] - setText(findTestObject("Object Repository/SauceDemo/Page_Swag Labs/input_Swag Labs_password"), Password): Text 'secret_sauce' is set on object 'Object Repository/SauceDemo/Page_Swag Labs/input_Swag Labs_password'

19-07-2024T18:03:20 - [MESSAGE][PASSED] - Text 'secret_sauce' is set on object 'Object Repository/SauceDemo/Page_Swag Labs/input_Swag Labs_password'

19-07-2024T18:03:20 - [TEST_STEP][PASSED] - click(findTestObject("Object Repository/SauceDemo/Page_Swag Labs/input_Swag Labs_login-button")): Object: 'Object Repository/SauceDemo/Page_Swag Labs/input_Swag Labs_login-button' is clicked on

19-07-2024T18:03:21 - [MESSAGE][PASSED] - Object: 'Object Repository/SauceDemo/Page_Swag Labs/input_Swag Labs_login-button' is clicked on

19-07-2024T18:03:21 - [TEST_STEP][PASSED] - click(findTestObject("Object Repository/SauceDemo/Page_Swag Labs/div_Swag Labs")): Object: 'Object Repository/SauceDemo/Page_Swag Labs/div_Swag Labs' is clicked on

19-07-2024T18:03:22 - [MESSAGE][PASSED] - Object: 'Object Repository/SauceDemo/Page_Swag Labs/div_Swag Labs' is clicked on

19-07-2024T18:03:22 - [TEST_STEP][PASSED] - verifyElementText(findTestObject("Object Repository/SauceDemo/Page_Swag Labs/div_Swag Labs"), "Swag Labs"): Actual text and expected text of test object 'Object Repository/SauceDemo/Page_Swag Labs/div_Swag Labs' are matched.

19-07-2024T18:03:22 - [MESSAGE][PASSED] - Actual text and expected text of test object 'Object Repository/SauceDemo/Page_Swag Labs/div_Swag Labs' are matched.

19-07-2024T18:03:22 - [TEST_STEP][PASSED] - click(findTestObject("SauceDemo/HomePage/MenuButton")): Object: 'Object Repository/SauceDemo/HomePage/MenuButton' is clicked on

19-07-2024T18:03:22 - [MESSAGE][PASSED] - Object: 'Object Repository/SauceDemo/HomePage/MenuButton' is clicked on

19-07-2024T18:03:22 - [TEST_STEP][PASSED] - click(findTestObject("SauceDemo/HomePage/Logout")): Object: 'Object Repository/SauceDemo/HomePage/Logout' is clicked on

19-07-2024T18:03:23 - [MESSAGE][PASSED] - Object: 'Object Repository/SauceDemo/HomePage/Logout' is clicked on]]></system-out>
         <system-err><![CDATA[]]></system-err>
      </testcase>
      <testcase name="Test Cases/SauceDemo/Data Driven/Login_DataDriven" time="12.791" classname="Test Cases/SauceDemo/Data Driven/Login_DataDriven" status="PASSED">
         <system-out><![CDATA[19-07-2024T18:03:23 - [TEST_CASE][PASSED] - Test Cases/SauceDemo/Data Driven/Login_DataDriven: Test Cases/SauceDemo/Data Driven/Login_DataDriven

19-07-2024T18:03:23 - [TEST_STEP][PASSED] - openBrowser(""): Browser is opened with url: ''

19-07-2024T18:03:23 - [MESSAGE][WARNING] - A browser is already opened. Closing browser and opening a new one

19-07-2024T18:03:23 - [MESSAGE][INFO] - Starting 'Chrome' driver

19-07-2024T18:03:23 - [MESSAGE][INFO] - Action delay is set to 0 milliseconds

19-07-2024T18:03:24 - [MESSAGE][PASSED] - Browser is opened with url: ''

19-07-2024T18:03:24 - [TEST_STEP][PASSED] - navigateToUrl("https://www.saucedemo.com/"): Navigate to 'https://www.saucedemo.com/' successfully

19-07-2024T18:03:26 - [MESSAGE][PASSED] - Navigate to 'https://www.saucedemo.com/' successfully

19-07-2024T18:03:26 - [TEST_STEP][PASSED] - verifyElementPresent(findTestObject("SauceDemo/Logo"), 0): Object 'Object Repository/SauceDemo/Logo' is present

19-07-2024T18:03:26 - [MESSAGE][WARNING] - Timeout '0' is invalid. Using default page load timeout: '30'

19-07-2024T18:03:27 - [MESSAGE][PASSED] - Object 'Object Repository/SauceDemo/Logo' is present

19-07-2024T18:03:27 - [TEST_STEP][PASSED] - setText(findTestObject("Object Repository/SauceDemo/Page_Swag Labs/input_Swag Labs_user-name"), Username): Text 'performance_glitch_user' is set on object 'Object Repository/SauceDemo/Page_Swag Labs/input_Swag Labs_user-name'

19-07-2024T18:03:28 - [MESSAGE][PASSED] - Text 'performance_glitch_user' is set on object 'Object Repository/SauceDemo/Page_Swag Labs/input_Swag Labs_user-name'

19-07-2024T18:03:28 - [TEST_STEP][PASSED] - setText(findTestObject("Object Repository/SauceDemo/Page_Swag Labs/input_Swag Labs_password"), Password): Text 'secret_sauce' is set on object 'Object Repository/SauceDemo/Page_Swag Labs/input_Swag Labs_password'

19-07-2024T18:03:28 - [MESSAGE][PASSED] - Text 'secret_sauce' is set on object 'Object Repository/SauceDemo/Page_Swag Labs/input_Swag Labs_password'

19-07-2024T18:03:28 - [TEST_STEP][PASSED] - click(findTestObject("Object Repository/SauceDemo/Page_Swag Labs/input_Swag Labs_login-button")): Object: 'Object Repository/SauceDemo/Page_Swag Labs/input_Swag Labs_login-button' is clicked on

19-07-2024T18:03:34 - [MESSAGE][PASSED] - Object: 'Object Repository/SauceDemo/Page_Swag Labs/input_Swag Labs_login-button' is clicked on

19-07-2024T18:03:34 - [TEST_STEP][PASSED] - click(findTestObject("Object Repository/SauceDemo/Page_Swag Labs/div_Swag Labs")): Object: 'Object Repository/SauceDemo/Page_Swag Labs/div_Swag Labs' is clicked on

19-07-2024T18:03:34 - [MESSAGE][PASSED] - Object: 'Object Repository/SauceDemo/Page_Swag Labs/div_Swag Labs' is clicked on

19-07-2024T18:03:34 - [TEST_STEP][PASSED] - verifyElementText(findTestObject("Object Repository/SauceDemo/Page_Swag Labs/div_Swag Labs"), "Swag Labs"): Actual text and expected text of test object 'Object Repository/SauceDemo/Page_Swag Labs/div_Swag Labs' are matched.

19-07-2024T18:03:35 - [MESSAGE][PASSED] - Actual text and expected text of test object 'Object Repository/SauceDemo/Page_Swag Labs/div_Swag Labs' are matched.

19-07-2024T18:03:35 - [TEST_STEP][PASSED] - click(findTestObject("SauceDemo/HomePage/MenuButton")): Object: 'Object Repository/SauceDemo/HomePage/MenuButton' is clicked on

19-07-2024T18:03:35 - [MESSAGE][PASSED] - Object: 'Object Repository/SauceDemo/HomePage/MenuButton' is clicked on

19-07-2024T18:03:35 - [TEST_STEP][PASSED] - click(findTestObject("SauceDemo/HomePage/Logout")): Object: 'Object Repository/SauceDemo/HomePage/Logout' is clicked on

19-07-2024T18:03:35 - [MESSAGE][PASSED] - Object: 'Object Repository/SauceDemo/HomePage/Logout' is clicked on]]></system-out>
         <system-err><![CDATA[]]></system-err>
      </testcase>
      <testcase name="Test Cases/SauceDemo/Data Driven/Login_DataDriven" time="8.225" classname="Test Cases/SauceDemo/Data Driven/Login_DataDriven" status="PASSED">
         <system-out><![CDATA[19-07-2024T18:03:36 - [TEST_CASE][PASSED] - Test Cases/SauceDemo/Data Driven/Login_DataDriven: Test Cases/SauceDemo/Data Driven/Login_DataDriven

19-07-2024T18:03:36 - [TEST_STEP][PASSED] - openBrowser(""): Browser is opened with url: ''

19-07-2024T18:03:36 - [MESSAGE][WARNING] - A browser is already opened. Closing browser and opening a new one

19-07-2024T18:03:36 - [MESSAGE][INFO] - Starting 'Chrome' driver

19-07-2024T18:03:36 - [MESSAGE][INFO] - Action delay is set to 0 milliseconds

19-07-2024T18:03:37 - [MESSAGE][PASSED] - Browser is opened with url: ''

19-07-2024T18:03:37 - [TEST_STEP][PASSED] - navigateToUrl("https://www.saucedemo.com/"): Navigate to 'https://www.saucedemo.com/' successfully

19-07-2024T18:03:39 - [MESSAGE][PASSED] - Navigate to 'https://www.saucedemo.com/' successfully

19-07-2024T18:03:39 - [TEST_STEP][PASSED] - verifyElementPresent(findTestObject("SauceDemo/Logo"), 0): Object 'Object Repository/SauceDemo/Logo' is present

19-07-2024T18:03:39 - [MESSAGE][WARNING] - Timeout '0' is invalid. Using default page load timeout: '30'

19-07-2024T18:03:40 - [MESSAGE][PASSED] - Object 'Object Repository/SauceDemo/Logo' is present

19-07-2024T18:03:40 - [TEST_STEP][PASSED] - setText(findTestObject("Object Repository/SauceDemo/Page_Swag Labs/input_Swag Labs_user-name"), Username): Text 'error_user' is set on object 'Object Repository/SauceDemo/Page_Swag Labs/input_Swag Labs_user-name'

19-07-2024T18:03:41 - [MESSAGE][PASSED] - Text 'error_user' is set on object 'Object Repository/SauceDemo/Page_Swag Labs/input_Swag Labs_user-name'

19-07-2024T18:03:41 - [TEST_STEP][PASSED] - setText(findTestObject("Object Repository/SauceDemo/Page_Swag Labs/input_Swag Labs_password"), Password): Text 'secret_sauce' is set on object 'Object Repository/SauceDemo/Page_Swag Labs/input_Swag Labs_password'

19-07-2024T18:03:42 - [MESSAGE][PASSED] - Text 'secret_sauce' is set on object 'Object Repository/SauceDemo/Page_Swag Labs/input_Swag Labs_password'

19-07-2024T18:03:42 - [TEST_STEP][PASSED] - click(findTestObject("Object Repository/SauceDemo/Page_Swag Labs/input_Swag Labs_login-button")): Object: 'Object Repository/SauceDemo/Page_Swag Labs/input_Swag Labs_login-button' is clicked on

19-07-2024T18:03:42 - [MESSAGE][PASSED] - Object: 'Object Repository/SauceDemo/Page_Swag Labs/input_Swag Labs_login-button' is clicked on

19-07-2024T18:03:42 - [TEST_STEP][PASSED] - click(findTestObject("Object Repository/SauceDemo/Page_Swag Labs/div_Swag Labs")): Object: 'Object Repository/SauceDemo/Page_Swag Labs/div_Swag Labs' is clicked on

19-07-2024T18:03:43 - [MESSAGE][PASSED] - Object: 'Object Repository/SauceDemo/Page_Swag Labs/div_Swag Labs' is clicked on

19-07-2024T18:03:43 - [TEST_STEP][PASSED] - verifyElementText(findTestObject("Object Repository/SauceDemo/Page_Swag Labs/div_Swag Labs"), "Swag Labs"): Actual text and expected text of test object 'Object Repository/SauceDemo/Page_Swag Labs/div_Swag Labs' are matched.

19-07-2024T18:03:43 - [MESSAGE][PASSED] - Actual text and expected text of test object 'Object Repository/SauceDemo/Page_Swag Labs/div_Swag Labs' are matched.

19-07-2024T18:03:43 - [TEST_STEP][PASSED] - click(findTestObject("SauceDemo/HomePage/MenuButton")): Object: 'Object Repository/SauceDemo/HomePage/MenuButton' is clicked on

19-07-2024T18:03:43 - [MESSAGE][PASSED] - Object: 'Object Repository/SauceDemo/HomePage/MenuButton' is clicked on

19-07-2024T18:03:43 - [TEST_STEP][PASSED] - click(findTestObject("SauceDemo/HomePage/Logout")): Object: 'Object Repository/SauceDemo/HomePage/Logout' is clicked on

19-07-2024T18:03:44 - [MESSAGE][PASSED] - Object: 'Object Repository/SauceDemo/HomePage/Logout' is clicked on]]></system-out>
         <system-err><![CDATA[]]></system-err>
      </testcase>
      <testcase name="Test Cases/SauceDemo/Data Driven/Login_DataDriven" time="7.497" classname="Test Cases/SauceDemo/Data Driven/Login_DataDriven" status="PASSED">
         <system-out><![CDATA[19-07-2024T18:03:44 - [TEST_CASE][PASSED] - Test Cases/SauceDemo/Data Driven/Login_DataDriven: Test Cases/SauceDemo/Data Driven/Login_DataDriven

19-07-2024T18:03:44 - [TEST_STEP][PASSED] - openBrowser(""): Browser is opened with url: ''

19-07-2024T18:03:44 - [MESSAGE][WARNING] - A browser is already opened. Closing browser and opening a new one

19-07-2024T18:03:44 - [MESSAGE][INFO] - Starting 'Chrome' driver

19-07-2024T18:03:44 - [MESSAGE][INFO] - Action delay is set to 0 milliseconds

19-07-2024T18:03:45 - [MESSAGE][PASSED] - Browser is opened with url: ''

19-07-2024T18:03:45 - [TEST_STEP][PASSED] - navigateToUrl("https://www.saucedemo.com/"): Navigate to 'https://www.saucedemo.com/' successfully

19-07-2024T18:03:47 - [MESSAGE][PASSED] - Navigate to 'https://www.saucedemo.com/' successfully

19-07-2024T18:03:47 - [TEST_STEP][PASSED] - verifyElementPresent(findTestObject("SauceDemo/Logo"), 0): Object 'Object Repository/SauceDemo/Logo' is present

19-07-2024T18:03:47 - [MESSAGE][WARNING] - Timeout '0' is invalid. Using default page load timeout: '30'

19-07-2024T18:03:47 - [MESSAGE][PASSED] - Object 'Object Repository/SauceDemo/Logo' is present

19-07-2024T18:03:47 - [TEST_STEP][PASSED] - setText(findTestObject("Object Repository/SauceDemo/Page_Swag Labs/input_Swag Labs_user-name"), Username): Text 'visual_user' is set on object 'Object Repository/SauceDemo/Page_Swag Labs/input_Swag Labs_user-name'

19-07-2024T18:03:48 - [MESSAGE][PASSED] - Text 'visual_user' is set on object 'Object Repository/SauceDemo/Page_Swag Labs/input_Swag Labs_user-name'

19-07-2024T18:03:48 - [TEST_STEP][PASSED] - setText(findTestObject("Object Repository/SauceDemo/Page_Swag Labs/input_Swag Labs_password"), Password): Text 'secret_sauce' is set on object 'Object Repository/SauceDemo/Page_Swag Labs/input_Swag Labs_password'

19-07-2024T18:03:49 - [MESSAGE][PASSED] - Text 'secret_sauce' is set on object 'Object Repository/SauceDemo/Page_Swag Labs/input_Swag Labs_password'

19-07-2024T18:03:49 - [TEST_STEP][PASSED] - click(findTestObject("Object Repository/SauceDemo/Page_Swag Labs/input_Swag Labs_login-button")): Object: 'Object Repository/SauceDemo/Page_Swag Labs/input_Swag Labs_login-button' is clicked on

19-07-2024T18:03:50 - [MESSAGE][PASSED] - Object: 'Object Repository/SauceDemo/Page_Swag Labs/input_Swag Labs_login-button' is clicked on

19-07-2024T18:03:50 - [TEST_STEP][PASSED] - click(findTestObject("Object Repository/SauceDemo/Page_Swag Labs/div_Swag Labs")): Object: 'Object Repository/SauceDemo/Page_Swag Labs/div_Swag Labs' is clicked on

19-07-2024T18:03:50 - [MESSAGE][PASSED] - Object: 'Object Repository/SauceDemo/Page_Swag Labs/div_Swag Labs' is clicked on

19-07-2024T18:03:50 - [TEST_STEP][PASSED] - verifyElementText(findTestObject("Object Repository/SauceDemo/Page_Swag Labs/div_Swag Labs"), "Swag Labs"): Actual text and expected text of test object 'Object Repository/SauceDemo/Page_Swag Labs/div_Swag Labs' are matched.

19-07-2024T18:03:50 - [MESSAGE][PASSED] - Actual text and expected text of test object 'Object Repository/SauceDemo/Page_Swag Labs/div_Swag Labs' are matched.

19-07-2024T18:03:50 - [TEST_STEP][PASSED] - click(findTestObject("SauceDemo/HomePage/MenuButton")): Object: 'Object Repository/SauceDemo/HomePage/MenuButton' is clicked on

19-07-2024T18:03:51 - [MESSAGE][PASSED] - Object: 'Object Repository/SauceDemo/HomePage/MenuButton' is clicked on

19-07-2024T18:03:51 - [TEST_STEP][PASSED] - click(findTestObject("SauceDemo/HomePage/Logout")): Object: 'Object Repository/SauceDemo/HomePage/Logout' is clicked on

19-07-2024T18:03:51 - [MESSAGE][PASSED] - Object: 'Object Repository/SauceDemo/HomePage/Logout' is clicked on]]></system-out>
         <system-err><![CDATA[]]></system-err>
      </testcase>
      <testcase name="Test Cases/SauceDemo/Login" time="6.613" classname="Test Cases/SauceDemo/Login" status="PASSED">
         <system-out><![CDATA[19-07-2024T18:03:51 - [TEST_CASE][PASSED] - Test Cases/SauceDemo/Login: Test Cases/SauceDemo/Login

19-07-2024T18:03:51 - [TEST_STEP][PASSED] - openBrowser(""): Browser is opened with url: ''

19-07-2024T18:03:51 - [MESSAGE][WARNING] - A browser is already opened. Closing browser and opening a new one

19-07-2024T18:03:52 - [MESSAGE][INFO] - Starting 'Chrome' driver

19-07-2024T18:03:52 - [MESSAGE][INFO] - Action delay is set to 0 milliseconds

19-07-2024T18:03:53 - [MESSAGE][PASSED] - Browser is opened with url: ''

19-07-2024T18:03:53 - [TEST_STEP][PASSED] - navigateToUrl("https://www.saucedemo.com/"): Navigate to 'https://www.saucedemo.com/' successfully

19-07-2024T18:03:54 - [MESSAGE][PASSED] - Navigate to 'https://www.saucedemo.com/' successfully

19-07-2024T18:03:54 - [TEST_STEP][PASSED] - verifyElementPresent(findTestObject("SauceDemo/Logo"), 0): Object 'Object Repository/SauceDemo/Logo' is present

19-07-2024T18:03:54 - [MESSAGE][WARNING] - Timeout '0' is invalid. Using default page load timeout: '30'

19-07-2024T18:03:55 - [MESSAGE][PASSED] - Object 'Object Repository/SauceDemo/Logo' is present

19-07-2024T18:03:55 - [TEST_STEP][PASSED] - setText(findTestObject("Object Repository/SauceDemo/Page_Swag Labs/input_Swag Labs_user-name"), "standard_user"): Text 'standard_user' is set on object 'Object Repository/SauceDemo/Page_Swag Labs/input_Swag Labs_user-name'

19-07-2024T18:03:56 - [MESSAGE][PASSED] - Text 'standard_user' is set on object 'Object Repository/SauceDemo/Page_Swag Labs/input_Swag Labs_user-name'

19-07-2024T18:03:56 - [TEST_STEP][PASSED] - setEncryptedText(findTestObject("Object Repository/SauceDemo/Page_Swag Labs/input_Swag Labs_password"), "qcu24s4901FyWDTwXGr6XA=="): Text ****** has been set on object 'Object Repository/SauceDemo/Page_Swag Labs/input_Swag Labs_password'

19-07-2024T18:03:57 - [MESSAGE][PASSED] - Text ****** has been set on object 'Object Repository/SauceDemo/Page_Swag Labs/input_Swag Labs_password'

19-07-2024T18:03:57 - [TEST_STEP][PASSED] - click(findTestObject("Object Repository/SauceDemo/Page_Swag Labs/input_Swag Labs_login-button")): Object: 'Object Repository/SauceDemo/Page_Swag Labs/input_Swag Labs_login-button' is clicked on

19-07-2024T18:03:57 - [MESSAGE][PASSED] - Object: 'Object Repository/SauceDemo/Page_Swag Labs/input_Swag Labs_login-button' is clicked on

19-07-2024T18:03:57 - [TEST_STEP][PASSED] - click(findTestObject("Object Repository/SauceDemo/Page_Swag Labs/div_Swag Labs")): Object: 'Object Repository/SauceDemo/Page_Swag Labs/div_Swag Labs' is clicked on

19-07-2024T18:03:58 - [MESSAGE][PASSED] - Object: 'Object Repository/SauceDemo/Page_Swag Labs/div_Swag Labs' is clicked on

19-07-2024T18:03:58 - [TEST_STEP][PASSED] - verifyElementText(findTestObject("Object Repository/SauceDemo/Page_Swag Labs/div_Swag Labs"), "Swag Labs"): Actual text and expected text of test object 'Object Repository/SauceDemo/Page_Swag Labs/div_Swag Labs' are matched.

19-07-2024T18:03:58 - [MESSAGE][PASSED] - Actual text and expected text of test object 'Object Repository/SauceDemo/Page_Swag Labs/div_Swag Labs' are matched.]]></system-out>
         <system-err><![CDATA[]]></system-err>
      </testcase>
      <testcase name="Test Cases/SauceDemo/ProductsPage/SelectMenu" time="7.354" classname="Test Cases/SauceDemo/ProductsPage/SelectMenu" status="PASSED">
         <system-out><![CDATA[19-07-2024T18:03:58 - [TEST_CASE][PASSED] - Test Cases/SauceDemo/ProductsPage/SelectMenu: Test Cases/SauceDemo/ProductsPage/SelectMenu

19-07-2024T18:03:58 - [TEST_STEP][PASSED] - callTestCase(findTestCase("SauceDemo/Login"), [:], STOP_ON_FAILURE): Call Test Case 'Test Cases/SauceDemo/Login' successfully

19-07-2024T18:03:58 - [TEST_CASE][PASSED] - Test Cases/SauceDemo/Login: Test Cases/SauceDemo/Login

19-07-2024T18:03:58 - [TEST_STEP][PASSED] - openBrowser(""): Browser is opened with url: ''

19-07-2024T18:03:58 - [MESSAGE][WARNING] - A browser is already opened. Closing browser and opening a new one

19-07-2024T18:03:58 - [MESSAGE][INFO] - Starting 'Chrome' driver

19-07-2024T18:03:58 - [MESSAGE][INFO] - Action delay is set to 0 milliseconds

19-07-2024T18:03:59 - [MESSAGE][PASSED] - Browser is opened with url: ''

19-07-2024T18:03:59 - [TEST_STEP][PASSED] - navigateToUrl("https://www.saucedemo.com/"): Navigate to 'https://www.saucedemo.com/' successfully

19-07-2024T18:04:00 - [MESSAGE][PASSED] - Navigate to 'https://www.saucedemo.com/' successfully

19-07-2024T18:04:00 - [TEST_STEP][PASSED] - verifyElementPresent(findTestObject("SauceDemo/Logo"), 0): Object 'Object Repository/SauceDemo/Logo' is present

19-07-2024T18:04:00 - [MESSAGE][WARNING] - Timeout '0' is invalid. Using default page load timeout: '30'

19-07-2024T18:04:01 - [MESSAGE][PASSED] - Object 'Object Repository/SauceDemo/Logo' is present

19-07-2024T18:04:01 - [TEST_STEP][PASSED] - setText(findTestObject("Object Repository/SauceDemo/Page_Swag Labs/input_Swag Labs_user-name"), "standard_user"): Text 'standard_user' is set on object 'Object Repository/SauceDemo/Page_Swag Labs/input_Swag Labs_user-name'

19-07-2024T18:04:02 - [MESSAGE][PASSED] - Text 'standard_user' is set on object 'Object Repository/SauceDemo/Page_Swag Labs/input_Swag Labs_user-name'

19-07-2024T18:04:02 - [TEST_STEP][PASSED] - setEncryptedText(findTestObject("Object Repository/SauceDemo/Page_Swag Labs/input_Swag Labs_password"), "qcu24s4901FyWDTwXGr6XA=="): Text ****** has been set on object 'Object Repository/SauceDemo/Page_Swag Labs/input_Swag Labs_password'

19-07-2024T18:04:02 - [MESSAGE][PASSED] - Text ****** has been set on object 'Object Repository/SauceDemo/Page_Swag Labs/input_Swag Labs_password'

19-07-2024T18:04:02 - [TEST_STEP][PASSED] - click(findTestObject("Object Repository/SauceDemo/Page_Swag Labs/input_Swag Labs_login-button")): Object: 'Object Repository/SauceDemo/Page_Swag Labs/input_Swag Labs_login-button' is clicked on

19-07-2024T18:04:03 - [MESSAGE][PASSED] - Object: 'Object Repository/SauceDemo/Page_Swag Labs/input_Swag Labs_login-button' is clicked on

19-07-2024T18:04:03 - [TEST_STEP][PASSED] - click(findTestObject("Object Repository/SauceDemo/Page_Swag Labs/div_Swag Labs")): Object: 'Object Repository/SauceDemo/Page_Swag Labs/div_Swag Labs' is clicked on

19-07-2024T18:04:03 - [MESSAGE][PASSED] - Object: 'Object Repository/SauceDemo/Page_Swag Labs/div_Swag Labs' is clicked on

19-07-2024T18:04:03 - [TEST_STEP][PASSED] - verifyElementText(findTestObject("Object Repository/SauceDemo/Page_Swag Labs/div_Swag Labs"), "Swag Labs"): Actual text and expected text of test object 'Object Repository/SauceDemo/Page_Swag Labs/div_Swag Labs' are matched.

19-07-2024T18:04:04 - [MESSAGE][PASSED] - Actual text and expected text of test object 'Object Repository/SauceDemo/Page_Swag Labs/div_Swag Labs' are matched.

19-07-2024T18:04:04 - [MESSAGE][PASSED] - Call Test Case 'Test Cases/SauceDemo/Login' successfully

19-07-2024T18:04:04 - [TEST_STEP][PASSED] - click(findTestObject("SauceDemo/HomePage/MenuButton")): Object: 'Object Repository/SauceDemo/HomePage/MenuButton' is clicked on

19-07-2024T18:04:04 - [MESSAGE][PASSED] - Object: 'Object Repository/SauceDemo/HomePage/MenuButton' is clicked on

19-07-2024T18:04:04 - [TEST_STEP][PASSED] - click(findTestObject("SauceDemo/HomePage/AllItems")): Object: 'Object Repository/SauceDemo/HomePage/AllItems' is clicked on

19-07-2024T18:04:05 - [MESSAGE][PASSED] - Object: 'Object Repository/SauceDemo/HomePage/AllItems' is clicked on

19-07-2024T18:04:05 - [TEST_STEP][PASSED] - click(findTestObject("SauceDemo/HomePage/CloseMenu")): Object: 'Object Repository/SauceDemo/HomePage/CloseMenu' is clicked on

19-07-2024T18:04:05 - [MESSAGE][PASSED] - Object: 'Object Repository/SauceDemo/HomePage/CloseMenu' is clicked on]]></system-out>
         <system-err><![CDATA[]]></system-err>
      </testcase>
      <testcase name="Test Cases/SauceDemo/ProductsPage/SelectProduct" time="7.807" classname="Test Cases/SauceDemo/ProductsPage/SelectProduct" status="PASSED">
         <system-out><![CDATA[19-07-2024T18:04:05 - [TEST_CASE][PASSED] - Test Cases/SauceDemo/ProductsPage/SelectProduct: Test Cases/SauceDemo/ProductsPage/SelectProduct

19-07-2024T18:04:05 - [TEST_STEP][PASSED] - openBrowser(""): Browser is opened with url: ''

19-07-2024T18:04:05 - [MESSAGE][WARNING] - A browser is already opened. Closing browser and opening a new one

19-07-2024T18:04:06 - [MESSAGE][INFO] - Starting 'Chrome' driver

19-07-2024T18:04:06 - [MESSAGE][INFO] - Action delay is set to 0 milliseconds

19-07-2024T18:04:07 - [MESSAGE][PASSED] - Browser is opened with url: ''

19-07-2024T18:04:07 - [TEST_STEP][PASSED] - navigateToUrl("https://www.saucedemo.com/"): Navigate to 'https://www.saucedemo.com/' successfully

19-07-2024T18:04:08 - [MESSAGE][PASSED] - Navigate to 'https://www.saucedemo.com/' successfully

19-07-2024T18:04:08 - [TEST_STEP][PASSED] - setText(findTestObject("Object Repository/Page_Swag Labs/input_Swag Labs_user-name"), "standard_user"): Text 'standard_user' is set on object 'Object Repository/Page_Swag Labs/input_Swag Labs_user-name'

19-07-2024T18:04:10 - [MESSAGE][PASSED] - Text 'standard_user' is set on object 'Object Repository/Page_Swag Labs/input_Swag Labs_user-name'

19-07-2024T18:04:10 - [TEST_STEP][PASSED] - setEncryptedText(findTestObject("Object Repository/Page_Swag Labs/input_Swag Labs_password"), "qcu24s4901FyWDTwXGr6XA=="): Text ****** has been set on object 'Object Repository/Page_Swag Labs/input_Swag Labs_password'

19-07-2024T18:04:10 - [MESSAGE][PASSED] - Text ****** has been set on object 'Object Repository/Page_Swag Labs/input_Swag Labs_password'

19-07-2024T18:04:10 - [TEST_STEP][PASSED] - click(findTestObject("Object Repository/Page_Swag Labs/input_Swag Labs_login-button")): Object: 'Object Repository/Page_Swag Labs/input_Swag Labs_login-button' is clicked on

19-07-2024T18:04:11 - [MESSAGE][PASSED] - Object: 'Object Repository/Page_Swag Labs/input_Swag Labs_login-button' is clicked on

19-07-2024T18:04:11 - [TEST_STEP][PASSED] - click(findTestObject("Object Repository/Page_Swag Labs/div_Sauce Labs Backpack")): Object: 'Object Repository/Page_Swag Labs/div_Sauce Labs Backpack' is clicked on

19-07-2024T18:04:11 - [MESSAGE][PASSED] - Object: 'Object Repository/Page_Swag Labs/div_Sauce Labs Backpack' is clicked on

19-07-2024T18:04:11 - [TEST_STEP][PASSED] - click(findTestObject("Object Repository/Page_Swag Labs/button_Add to cart")): Object: 'Object Repository/Page_Swag Labs/button_Add to cart' is clicked on

19-07-2024T18:04:12 - [MESSAGE][PASSED] - Object: 'Object Repository/Page_Swag Labs/button_Add to cart' is clicked on

19-07-2024T18:04:12 - [TEST_STEP][PASSED] - click(findTestObject("Object Repository/Page_Swag Labs/a_1")): Object: 'Object Repository/Page_Swag Labs/a_1' is clicked on

19-07-2024T18:04:12 - [MESSAGE][PASSED] - Object: 'Object Repository/Page_Swag Labs/a_1' is clicked on

19-07-2024T18:04:12 - [TEST_STEP][PASSED] - verifyElementText(findTestObject("Object Repository/Page_Swag Labs/div_Sauce Labs Backpack"), "Sauce Labs Backpack"): Actual text and expected text of test object 'Object Repository/Page_Swag Labs/div_Sauce Labs Backpack' are matched.

19-07-2024T18:04:13 - [MESSAGE][PASSED] - Actual text and expected text of test object 'Object Repository/Page_Swag Labs/div_Sauce Labs Backpack' are matched.]]></system-out>
         <system-err><![CDATA[]]></system-err>
      </testcase>
      <testcase name="Test Cases/SauceDemo/ProductsPage/AddProductToCart" time="8.82" classname="Test Cases/SauceDemo/ProductsPage/AddProductToCart" status="PASSED">
         <system-out><![CDATA[19-07-2024T18:04:13 - [TEST_CASE][PASSED] - Test Cases/SauceDemo/ProductsPage/AddProductToCart: Test Cases/SauceDemo/ProductsPage/AddProductToCart

19-07-2024T18:04:13 - [TEST_STEP][PASSED] - callTestCase(findTestCase("SauceDemo/Login"), [:], STOP_ON_FAILURE): Call Test Case 'Test Cases/SauceDemo/Login' successfully

19-07-2024T18:04:13 - [TEST_CASE][PASSED] - Test Cases/SauceDemo/Login: Test Cases/SauceDemo/Login

19-07-2024T18:04:13 - [TEST_STEP][PASSED] - openBrowser(""): Browser is opened with url: ''

19-07-2024T18:04:13 - [MESSAGE][WARNING] - A browser is already opened. Closing browser and opening a new one

19-07-2024T18:04:14 - [MESSAGE][INFO] - Starting 'Chrome' driver

19-07-2024T18:04:14 - [MESSAGE][INFO] - Action delay is set to 0 milliseconds

19-07-2024T18:04:15 - [MESSAGE][PASSED] - Browser is opened with url: ''

19-07-2024T18:04:15 - [TEST_STEP][PASSED] - navigateToUrl("https://www.saucedemo.com/"): Navigate to 'https://www.saucedemo.com/' successfully

19-07-2024T18:04:16 - [MESSAGE][PASSED] - Navigate to 'https://www.saucedemo.com/' successfully

19-07-2024T18:04:16 - [TEST_STEP][PASSED] - verifyElementPresent(findTestObject("SauceDemo/Logo"), 0): Object 'Object Repository/SauceDemo/Logo' is present

19-07-2024T18:04:16 - [MESSAGE][WARNING] - Timeout '0' is invalid. Using default page load timeout: '30'

19-07-2024T18:04:17 - [MESSAGE][PASSED] - Object 'Object Repository/SauceDemo/Logo' is present

19-07-2024T18:04:17 - [TEST_STEP][PASSED] - setText(findTestObject("Object Repository/SauceDemo/Page_Swag Labs/input_Swag Labs_user-name"), "standard_user"): Text 'standard_user' is set on object 'Object Repository/SauceDemo/Page_Swag Labs/input_Swag Labs_user-name'

19-07-2024T18:04:18 - [MESSAGE][PASSED] - Text 'standard_user' is set on object 'Object Repository/SauceDemo/Page_Swag Labs/input_Swag Labs_user-name'

19-07-2024T18:04:18 - [TEST_STEP][PASSED] - setEncryptedText(findTestObject("Object Repository/SauceDemo/Page_Swag Labs/input_Swag Labs_password"), "qcu24s4901FyWDTwXGr6XA=="): Text ****** has been set on object 'Object Repository/SauceDemo/Page_Swag Labs/input_Swag Labs_password'

19-07-2024T18:04:18 - [MESSAGE][PASSED] - Text ****** has been set on object 'Object Repository/SauceDemo/Page_Swag Labs/input_Swag Labs_password'

19-07-2024T18:04:18 - [TEST_STEP][PASSED] - click(findTestObject("Object Repository/SauceDemo/Page_Swag Labs/input_Swag Labs_login-button")): Object: 'Object Repository/SauceDemo/Page_Swag Labs/input_Swag Labs_login-button' is clicked on

19-07-2024T18:04:19 - [MESSAGE][PASSED] - Object: 'Object Repository/SauceDemo/Page_Swag Labs/input_Swag Labs_login-button' is clicked on

19-07-2024T18:04:19 - [TEST_STEP][PASSED] - click(findTestObject("Object Repository/SauceDemo/Page_Swag Labs/div_Swag Labs")): Object: 'Object Repository/SauceDemo/Page_Swag Labs/div_Swag Labs' is clicked on

19-07-2024T18:04:19 - [MESSAGE][PASSED] - Object: 'Object Repository/SauceDemo/Page_Swag Labs/div_Swag Labs' is clicked on

19-07-2024T18:04:19 - [TEST_STEP][PASSED] - verifyElementText(findTestObject("Object Repository/SauceDemo/Page_Swag Labs/div_Swag Labs"), "Swag Labs"): Actual text and expected text of test object 'Object Repository/SauceDemo/Page_Swag Labs/div_Swag Labs' are matched.

19-07-2024T18:04:20 - [MESSAGE][PASSED] - Actual text and expected text of test object 'Object Repository/SauceDemo/Page_Swag Labs/div_Swag Labs' are matched.

19-07-2024T18:04:20 - [MESSAGE][PASSED] - Call Test Case 'Test Cases/SauceDemo/Login' successfully

19-07-2024T18:04:20 - [TEST_STEP][PASSED] - click(findTestObject("SauceDemo/ProductsPage/Selected_Product")): Object: 'Object Repository/SauceDemo/ProductsPage/Selected_Product' is clicked on

19-07-2024T18:04:20 - [MESSAGE][PASSED] - Object: 'Object Repository/SauceDemo/ProductsPage/Selected_Product' is clicked on

19-07-2024T18:04:20 - [TEST_STEP][PASSED] - click(findTestObject("Object Repository/Page_Swag Labs/button_Add to cart")): Object: 'Object Repository/Page_Swag Labs/button_Add to cart' is clicked on

19-07-2024T18:04:21 - [MESSAGE][PASSED] - Object: 'Object Repository/Page_Swag Labs/button_Add to cart' is clicked on

19-07-2024T18:04:21 - [TEST_STEP][PASSED] - click(findTestObject("SauceDemo/ProductsPage/Your_Cart")): Object: 'Object Repository/SauceDemo/ProductsPage/Your_Cart' is clicked on

19-07-2024T18:04:21 - [MESSAGE][PASSED] - Object: 'Object Repository/SauceDemo/ProductsPage/Your_Cart' is clicked on

19-07-2024T18:04:21 - [TEST_STEP][PASSED] - verifyElementText(findTestObject("SauceDemo/ProductsPage/Selected_Product"), "Sauce Labs Backpack"): Actual text and expected text of test object 'Object Repository/SauceDemo/ProductsPage/Selected_Product' are matched.

19-07-2024T18:04:22 - [MESSAGE][PASSED] - Actual text and expected text of test object 'Object Repository/SauceDemo/ProductsPage/Selected_Product' are matched.]]></system-out>
         <system-err><![CDATA[]]></system-err>
      </testcase>
      <testcase name="Test Cases/SauceDemo/Shopping/CompleteShopping" time="14.706" classname="Test Cases/SauceDemo/Shopping/CompleteShopping" status="PASSED">
         <system-out><![CDATA[19-07-2024T18:04:22 - [TEST_CASE][PASSED] - Test Cases/SauceDemo/Shopping/CompleteShopping: Test Cases/SauceDemo/Shopping/CompleteShopping

19-07-2024T18:04:22 - [TEST_STEP][PASSED] - callTestCase(findTestCase("SauceDemo/ProductsPage/SelectProduct"), ["ProductName":"Sauce Labs Backpack
"], STOP_ON_FAILURE): Call Test Case 'Test Cases/SauceDemo/ProductsPage/SelectProduct' successfully

19-07-2024T18:04:22 - [TEST_CASE][PASSED] - Test Cases/SauceDemo/ProductsPage/SelectProduct: Test Cases/SauceDemo/ProductsPage/SelectProduct

19-07-2024T18:04:22 - [TEST_STEP][PASSED] - openBrowser(""): Browser is opened with url: ''

19-07-2024T18:04:22 - [MESSAGE][WARNING] - A browser is already opened. Closing browser and opening a new one

19-07-2024T18:04:22 - [MESSAGE][INFO] - Starting 'Chrome' driver

19-07-2024T18:04:22 - [MESSAGE][INFO] - Action delay is set to 0 milliseconds

19-07-2024T18:04:23 - [MESSAGE][PASSED] - Browser is opened with url: ''

19-07-2024T18:04:23 - [TEST_STEP][PASSED] - navigateToUrl("https://www.saucedemo.com/"): Navigate to 'https://www.saucedemo.com/' successfully

19-07-2024T18:04:24 - [MESSAGE][PASSED] - Navigate to 'https://www.saucedemo.com/' successfully

19-07-2024T18:04:24 - [TEST_STEP][PASSED] - setText(findTestObject("Object Repository/Page_Swag Labs/input_Swag Labs_user-name"), "standard_user"): Text 'standard_user' is set on object 'Object Repository/Page_Swag Labs/input_Swag Labs_user-name'

19-07-2024T18:04:26 - [MESSAGE][PASSED] - Text 'standard_user' is set on object 'Object Repository/Page_Swag Labs/input_Swag Labs_user-name'

19-07-2024T18:04:26 - [TEST_STEP][PASSED] - setEncryptedText(findTestObject("Object Repository/Page_Swag Labs/input_Swag Labs_password"), "qcu24s4901FyWDTwXGr6XA=="): Text ****** has been set on object 'Object Repository/Page_Swag Labs/input_Swag Labs_password'

19-07-2024T18:04:27 - [MESSAGE][PASSED] - Text ****** has been set on object 'Object Repository/Page_Swag Labs/input_Swag Labs_password'

19-07-2024T18:04:27 - [TEST_STEP][PASSED] - click(findTestObject("Object Repository/Page_Swag Labs/input_Swag Labs_login-button")): Object: 'Object Repository/Page_Swag Labs/input_Swag Labs_login-button' is clicked on

19-07-2024T18:04:27 - [MESSAGE][PASSED] - Object: 'Object Repository/Page_Swag Labs/input_Swag Labs_login-button' is clicked on

19-07-2024T18:04:27 - [TEST_STEP][PASSED] - click(findTestObject("Object Repository/Page_Swag Labs/div_Sauce Labs Backpack")): Object: 'Object Repository/Page_Swag Labs/div_Sauce Labs Backpack' is clicked on

19-07-2024T18:04:28 - [MESSAGE][PASSED] - Object: 'Object Repository/Page_Swag Labs/div_Sauce Labs Backpack' is clicked on

19-07-2024T18:04:28 - [TEST_STEP][PASSED] - click(findTestObject("Object Repository/Page_Swag Labs/button_Add to cart")): Object: 'Object Repository/Page_Swag Labs/button_Add to cart' is clicked on

19-07-2024T18:04:28 - [MESSAGE][PASSED] - Object: 'Object Repository/Page_Swag Labs/button_Add to cart' is clicked on

19-07-2024T18:04:28 - [TEST_STEP][PASSED] - click(findTestObject("Object Repository/Page_Swag Labs/a_1")): Object: 'Object Repository/Page_Swag Labs/a_1' is clicked on

19-07-2024T18:04:29 - [MESSAGE][PASSED] - Object: 'Object Repository/Page_Swag Labs/a_1' is clicked on

19-07-2024T18:04:29 - [TEST_STEP][PASSED] - verifyElementText(findTestObject("Object Repository/Page_Swag Labs/div_Sauce Labs Backpack"), "Sauce Labs Backpack"): Actual text and expected text of test object 'Object Repository/Page_Swag Labs/div_Sauce Labs Backpack' are matched.

19-07-2024T18:04:29 - [MESSAGE][PASSED] - Actual text and expected text of test object 'Object Repository/Page_Swag Labs/div_Sauce Labs Backpack' are matched.

19-07-2024T18:04:29 - [MESSAGE][PASSED] - Call Test Case 'Test Cases/SauceDemo/ProductsPage/SelectProduct' successfully

19-07-2024T18:04:29 - [TEST_STEP][PASSED] - click(findTestObject("SauceDemo/Cart Page/Checkout")): Object: 'Object Repository/SauceDemo/Cart Page/Checkout' is clicked on

19-07-2024T18:04:30 - [MESSAGE][PASSED] - Object: 'Object Repository/SauceDemo/Cart Page/Checkout' is clicked on

19-07-2024T18:04:30 - [TEST_STEP][PASSED] - setText(findTestObject("SauceDemo/Checkout Page/FirstName"), "John"): Text 'John' is set on object 'Object Repository/SauceDemo/Checkout Page/FirstName'

19-07-2024T18:04:31 - [MESSAGE][PASSED] - Text 'John' is set on object 'Object Repository/SauceDemo/Checkout Page/FirstName'

19-07-2024T18:04:31 - [TEST_STEP][PASSED] - setText(findTestObject("SauceDemo/Checkout Page/LastName"), "Doe"): Text 'Doe' is set on object 'Object Repository/SauceDemo/Checkout Page/LastName'

19-07-2024T18:04:32 - [MESSAGE][PASSED] - Text 'Doe' is set on object 'Object Repository/SauceDemo/Checkout Page/LastName'

19-07-2024T18:04:32 - [TEST_STEP][PASSED] - setText(findTestObject("SauceDemo/Checkout Page/PostCode"), "12345"): Text '12345' is set on object 'Object Repository/SauceDemo/Checkout Page/PostCode'

19-07-2024T18:04:33 - [MESSAGE][PASSED] - Text '12345' is set on object 'Object Repository/SauceDemo/Checkout Page/PostCode'

19-07-2024T18:04:33 - [TEST_STEP][PASSED] - click(findTestObject("SauceDemo/Checkout Page/ContinueButton")): Object: 'Object Repository/SauceDemo/Checkout Page/ContinueButton' is clicked on

19-07-2024T18:04:33 - [MESSAGE][PASSED] - Object: 'Object Repository/SauceDemo/Checkout Page/ContinueButton' is clicked on

19-07-2024T18:04:33 - [TEST_STEP][PASSED] - click(findTestObject("SauceDemo/Checkout_Overview/Finish")): Object: 'Object Repository/SauceDemo/Checkout_Overview/Finish' is clicked on

19-07-2024T18:04:34 - [MESSAGE][PASSED] - Object: 'Object Repository/SauceDemo/Checkout_Overview/Finish' is clicked on

19-07-2024T18:04:34 - [TEST_STEP][PASSED] - click(findTestObject("SauceDemo/Checkout_Complete/BackToHome")): Object: 'Object Repository/SauceDemo/Checkout_Complete/BackToHome' is clicked on

19-07-2024T18:04:35 - [MESSAGE][PASSED] - Object: 'Object Repository/SauceDemo/Checkout_Complete/BackToHome' is clicked on

19-07-2024T18:04:35 - [TEST_STEP][PASSED] - callTestCase(findTestCase("SauceDemo/Logout"), [:], STOP_ON_FAILURE): Call Test Case 'Test Cases/SauceDemo/Logout' successfully

19-07-2024T18:04:35 - [TEST_CASE][PASSED] - Test Cases/SauceDemo/Logout: Test Cases/SauceDemo/Logout

19-07-2024T18:04:35 - [TEST_STEP][PASSED] - click(findTestObject("SauceDemo/HomePage/MenuButton")): Object: 'Object Repository/SauceDemo/HomePage/MenuButton' is clicked on

19-07-2024T18:04:35 - [MESSAGE][PASSED] - Object: 'Object Repository/SauceDemo/HomePage/MenuButton' is clicked on

19-07-2024T18:04:35 - [TEST_STEP][PASSED] - click(findTestObject("SauceDemo/HomePage/Logout")): Object: 'Object Repository/SauceDemo/HomePage/Logout' is clicked on

19-07-2024T18:04:36 - [MESSAGE][PASSED] - Object: 'Object Repository/SauceDemo/HomePage/Logout' is clicked on

19-07-2024T18:04:36 - [TEST_STEP][PASSED] - closeBrowser(): Browser is closed

19-07-2024T18:04:37 - [MESSAGE][PASSED] - Browser is closed

19-07-2024T18:04:37 - [MESSAGE][PASSED] - Call Test Case 'Test Cases/SauceDemo/Logout' successfully]]></system-out>
         <system-err><![CDATA[]]></system-err>
      </testcase>
      <testcase name="Test Cases/SauceDemo/Shopping/ContinueShopping" time="12.473" classname="Test Cases/SauceDemo/Shopping/ContinueShopping" status="FAILED">
         <failure type="FAILED" message="Test Cases/SauceDemo/Shopping/ContinueShopping FAILED.&#xa;Reason:&#xa;com.kms.katalon.core.exception.StepFailedException: Unable to click on object 'Object Repository/SauceDemo/Cart Page/ContinueShoppingButton'&#xa;	at com.kms.katalon.core.webui.keyword.internal.WebUIKeywordMain.stepFailed(WebUIKeywordMain.groovy:64)&#xa;	at com.kms.katalon.core.webui.keyword.internal.WebUIKeywordMain.runKeyword(WebUIKeywordMain.groovy:26)&#xa;	at com.kms.katalon.core.webui.keyword.builtin.ClickKeyword.click(ClickKeyword.groovy:74)&#xa;	at com.kms.katalon.core.webui.keyword.builtin.ClickKeyword.execute(ClickKeyword.groovy:40)&#xa;	at com.kms.katalon.core.keyword.internal.KeywordExecutor.executeKeywordForPlatform(KeywordExecutor.groovy:74)&#xa;	at com.kms.katalon.core.webui.keyword.WebUiBuiltInKeywords.click(WebUiBuiltInKeywords.groovy:659)&#xa;	at ContinueShopping.run(ContinueShopping:22)&#xa;	at com.kms.katalon.core.main.ScriptEngine.run(ScriptEngine.java:194)&#xa;	at com.kms.katalon.core.main.ScriptEngine.runScriptAsRawText(ScriptEngine.java:119)&#xa;	at com.kms.katalon.core.main.TestCaseExecutor.runScript(TestCaseExecutor.java:448)&#xa;	at com.kms.katalon.core.main.TestCaseExecutor.doExecute(TestCaseExecutor.java:439)&#xa;	at com.kms.katalon.core.main.TestCaseExecutor.processExecutionPhase(TestCaseExecutor.java:418)&#xa;	at com.kms.katalon.core.main.TestCaseExecutor.accessMainPhase(TestCaseExecutor.java:410)&#xa;	at com.kms.katalon.core.main.TestCaseExecutor.execute(TestCaseExecutor.java:285)&#xa;	at com.kms.katalon.core.main.TestCaseExecutor.execute(TestCaseExecutor.java:369)&#xa;	at com.kms.katalon.core.main.TestCaseExecutor.execute(TestCaseExecutor.java:369)&#xa;	at com.kms.katalon.core.main.TestCaseExecutor.execute(TestCaseExecutor.java:369)&#xa;	at com.kms.katalon.core.common.CommonExecutor.accessTestCaseMainPhase(CommonExecutor.java:65)&#xa;	at com.kms.katalon.core.main.TestSuiteExecutor.accessTestSuiteMainPhase(TestSuiteExecutor.java:150)&#xa;	at com.kms.katalon.core.main.TestSuiteExecutor.execute(TestSuiteExecutor.java:106)&#xa;	at com.kms.katalon.core.main.TestCaseMain.startTestSuite(TestCaseMain.java:180)&#xa;	at TempTestSuite1721408578244.run(TempTestSuite1721408578244.groovy:35)&#xa;	at java.base/jdk.internal.reflect.NativeMethodAccessorImpl.invoke0(Native Method)&#xa;	at java.base/jdk.internal.reflect.NativeMethodAccessorImpl.invoke(NativeMethodAccessorImpl.java:77)&#xa;	at java.base/jdk.internal.reflect.DelegatingMethodAccessorImpl.invoke(DelegatingMethodAccessorImpl.java:43)&#xa;Caused by: org.openqa.selenium.NoSuchSessionException: Session ID is null. Using WebDriver after calling quit()?&#xa;Build info: version: '3.141.59', revision: 'unknown', time: 'unknown'&#xa;System info: host: 'DESKTOP-1F5MV9L', ip: '192.168.0.125', os.name: 'Windows 11', os.arch: 'amd64', os.version: '10.0', java.version: '17.0.7'&#xa;Driver info: driver.version: RemoteWebDriver&#xa;	at org.openqa.selenium.remote.HttpCommandExecutor.execute(HttpCommandExecutor.java:125)&#xa;	at org.openqa.selenium.remote.service.DriverCommandExecutor.execute(DriverCommandExecutor.java:83)&#xa;	at org.openqa.selenium.remote.RemoteWebDriver.execute(RemoteWebDriver.java:552)&#xa;	at com.kms.katalon.selenium.driver.CChromeDriver.execute(CChromeDriver.java:19)&#xa;	at org.openqa.selenium.remote.RemoteWebDriver.findElements(RemoteWebDriver.java:353)&#xa;	at org.openqa.selenium.remote.RemoteWebDriver.findElementsByXPath(RemoteWebDriver.java:432)&#xa;	at org.openqa.selenium.By$ByXPath.findElements(By.java:348)&#xa;	at org.openqa.selenium.remote.RemoteWebDriver.findElements(RemoteWebDriver.java:311)&#xa;	at com.kms.katalon.core.webui.common.WebUiCommonHelper.findElementByNormalMethods(WebUiCommonHelper.java:1036)&#xa;	at com.kms.katalon.core.webui.common.WebUiCommonHelper.findElementsBySelectedMethod(WebUiCommonHelper.java:921)&#xa;	at com.kms.katalon.core.webui.common.WebUiCommonHelper.findElementsBySelectedMethod(WebUiCommonHelper.java:902)&#xa;	at com.kms.katalon.core.webui.common.WebUiCommonHelper.findElementsBySelectedMethod(WebUiCommonHelper.java:897)&#xa;	at com.kms.katalon.core.webui.common.WebUiCommonHelper.findElementsByDefault(WebUiCommonHelper.java:893)&#xa;	at com.kms.katalon.core.webui.common.WebUiCommonHelper.findElementsWithSelfHealing(WebUiCommonHelper.java:739)&#xa;	at com.kms.katalon.core.webui.common.WebUiCommonHelper.findWebElements(WebUiCommonHelper.java:723)&#xa;	at com.kms.katalon.core.webui.common.WebUiCommonHelper.findWebElement(WebUiCommonHelper.java:1416)&#xa;	at com.kms.katalon.core.webui.keyword.internal.WebUIAbstractKeyword.findWebElement(WebUIAbstractKeyword.groovy:27)&#xa;	at com.kms.katalon.core.webui.keyword.builtin.ClickKeyword$_click_closure1.doCall(ClickKeyword.groovy:65)&#xa;	at com.kms.katalon.core.webui.keyword.builtin.ClickKeyword$_click_closure1.call(ClickKeyword.groovy)&#xa;	at com.kms.katalon.core.webui.keyword.internal.WebUIKeywordMain.runKeyword(WebUIKeywordMain.groovy:20)&#xa;	... 23 more&#xa;"/>
         <system-out><![CDATA[19-07-2024T18:05:14 - [TEST_CASE][FAILED] - Test Cases/SauceDemo/Shopping/ContinueShopping: Test Cases/SauceDemo/Shopping/ContinueShopping FAILED.
Reason:
com.kms.katalon.core.exception.StepFailedException: Unable to click on object 'Object Repository/SauceDemo/Cart Page/ContinueShoppingButton'
	at com.kms.katalon.core.webui.keyword.internal.WebUIKeywordMain.stepFailed(WebUIKeywordMain.groovy:64)
	at com.kms.katalon.core.webui.keyword.internal.WebUIKeywordMain.runKeyword(WebUIKeywordMain.groovy:26)
	at com.kms.katalon.core.webui.keyword.builtin.ClickKeyword.click(ClickKeyword.groovy:74)
	at com.kms.katalon.core.webui.keyword.builtin.ClickKeyword.execute(ClickKeyword.groovy:40)
	at com.kms.katalon.core.keyword.internal.KeywordExecutor.executeKeywordForPlatform(KeywordExecutor.groovy:74)
	at com.kms.katalon.core.webui.keyword.WebUiBuiltInKeywords.click(WebUiBuiltInKeywords.groovy:659)
	at ContinueShopping.run(ContinueShopping:22)
	at com.kms.katalon.core.main.ScriptEngine.run(ScriptEngine.java:194)
	at com.kms.katalon.core.main.ScriptEngine.runScriptAsRawText(ScriptEngine.java:119)
	at com.kms.katalon.core.main.TestCaseExecutor.runScript(TestCaseExecutor.java:448)
	at com.kms.katalon.core.main.TestCaseExecutor.doExecute(TestCaseExecutor.java:439)
	at com.kms.katalon.core.main.TestCaseExecutor.processExecutionPhase(TestCaseExecutor.java:418)
	at com.kms.katalon.core.main.TestCaseExecutor.accessMainPhase(TestCaseExecutor.java:410)
	at com.kms.katalon.core.main.TestCaseExecutor.execute(TestCaseExecutor.java:285)
	at com.kms.katalon.core.main.TestCaseExecutor.execute(TestCaseExecutor.java:369)
	at com.kms.katalon.core.main.TestCaseExecutor.execute(TestCaseExecutor.java:369)
	at com.kms.katalon.core.main.TestCaseExecutor.execute(TestCaseExecutor.java:369)
	at com.kms.katalon.core.common.CommonExecutor.accessTestCaseMainPhase(CommonExecutor.java:65)
	at com.kms.katalon.core.main.TestSuiteExecutor.accessTestSuiteMainPhase(TestSuiteExecutor.java:150)
	at com.kms.katalon.core.main.TestSuiteExecutor.execute(TestSuiteExecutor.java:106)
	at com.kms.katalon.core.main.TestCaseMain.startTestSuite(TestCaseMain.java:180)
	at TempTestSuite1721408578244.run(TempTestSuite1721408578244.groovy:35)
	at java.base/jdk.internal.reflect.NativeMethodAccessorImpl.invoke0(Native Method)
	at java.base/jdk.internal.reflect.NativeMethodAccessorImpl.invoke(NativeMethodAccessorImpl.java:77)
	at java.base/jdk.internal.reflect.DelegatingMethodAccessorImpl.invoke(DelegatingMethodAccessorImpl.java:43)
Caused by: org.openqa.selenium.NoSuchSessionException: Session ID is null. Using WebDriver after calling quit()?
Build info: version: '3.141.59', revision: 'unknown', time: 'unknown'
System info: host: 'DESKTOP-1F5MV9L', ip: '192.168.0.125', os.name: 'Windows 11', os.arch: 'amd64', os.version: '10.0', java.version: '17.0.7'
Driver info: driver.version: RemoteWebDriver
	at org.openqa.selenium.remote.HttpCommandExecutor.execute(HttpCommandExecutor.java:125)
	at org.openqa.selenium.remote.service.DriverCommandExecutor.execute(DriverCommandExecutor.java:83)
	at org.openqa.selenium.remote.RemoteWebDriver.execute(RemoteWebDriver.java:552)
	at com.kms.katalon.selenium.driver.CChromeDriver.execute(CChromeDriver.java:19)
	at org.openqa.selenium.remote.RemoteWebDriver.findElements(RemoteWebDriver.java:353)
	at org.openqa.selenium.remote.RemoteWebDriver.findElementsByXPath(RemoteWebDriver.java:432)
	at org.openqa.selenium.By$ByXPath.findElements(By.java:348)
	at org.openqa.selenium.remote.RemoteWebDriver.findElements(RemoteWebDriver.java:311)
	at com.kms.katalon.core.webui.common.WebUiCommonHelper.findElementByNormalMethods(WebUiCommonHelper.java:1036)
	at com.kms.katalon.core.webui.common.WebUiCommonHelper.findElementsBySelectedMethod(WebUiCommonHelper.java:921)
	at com.kms.katalon.core.webui.common.WebUiCommonHelper.findElementsBySelectedMethod(WebUiCommonHelper.java:902)
	at com.kms.katalon.core.webui.common.WebUiCommonHelper.findElementsBySelectedMethod(WebUiCommonHelper.java:897)
	at com.kms.katalon.core.webui.common.WebUiCommonHelper.findElementsByDefault(WebUiCommonHelper.java:893)
	at com.kms.katalon.core.webui.common.WebUiCommonHelper.findElementsWithSelfHealing(WebUiCommonHelper.java:739)
	at com.kms.katalon.core.webui.common.WebUiCommonHelper.findWebElements(WebUiCommonHelper.java:723)
	at com.kms.katalon.core.webui.common.WebUiCommonHelper.findWebElement(WebUiCommonHelper.java:1416)
	at com.kms.katalon.core.webui.keyword.internal.WebUIAbstractKeyword.findWebElement(WebUIAbstractKeyword.groovy:27)
	at com.kms.katalon.core.webui.keyword.builtin.ClickKeyword$_click_closure1.doCall(ClickKeyword.groovy:65)
	at com.kms.katalon.core.webui.keyword.builtin.ClickKeyword$_click_closure1.call(ClickKeyword.groovy)
	at com.kms.katalon.core.webui.keyword.internal.WebUIKeywordMain.runKeyword(WebUIKeywordMain.groovy:20)
	... 23 more


19-07-2024T18:05:14 - [TEST_STEP][PASSED] - callTestCase(findTestCase("SauceDemo/Shopping/RemoveProduct"), [:], STOP_ON_FAILURE): Call Test Case 'Test Cases/SauceDemo/Shopping/RemoveProduct' successfully

19-07-2024T18:05:14 - [TEST_CASE][PASSED] - Test Cases/SauceDemo/Shopping/RemoveProduct: Test Cases/SauceDemo/Shopping/RemoveProduct

19-07-2024T18:05:14 - [TEST_STEP][PASSED] - callTestCase(findTestCase("SauceDemo/ProductsPage/AddProductToCart"), [:], STOP_ON_FAILURE): Call Test Case 'Test Cases/SauceDemo/ProductsPage/AddProductToCart' successfully

19-07-2024T18:05:14 - [TEST_CASE][PASSED] - Test Cases/SauceDemo/ProductsPage/AddProductToCart: Test Cases/SauceDemo/ProductsPage/AddProductToCart

19-07-2024T18:05:14 - [TEST_STEP][PASSED] - callTestCase(findTestCase("SauceDemo/Login"), [:], STOP_ON_FAILURE): Call Test Case 'Test Cases/SauceDemo/Login' successfully

19-07-2024T18:05:14 - [TEST_CASE][PASSED] - Test Cases/SauceDemo/Login: Test Cases/SauceDemo/Login

19-07-2024T18:05:14 - [TEST_STEP][PASSED] - openBrowser(""): Browser is opened with url: ''

19-07-2024T18:05:14 - [MESSAGE][INFO] - Starting 'Chrome' driver

19-07-2024T18:05:14 - [MESSAGE][INFO] - Action delay is set to 0 milliseconds

19-07-2024T18:05:15 - [MESSAGE][PASSED] - Browser is opened with url: ''

19-07-2024T18:05:15 - [TEST_STEP][PASSED] - navigateToUrl("https://www.saucedemo.com/"): Navigate to 'https://www.saucedemo.com/' successfully

19-07-2024T18:05:17 - [MESSAGE][PASSED] - Navigate to 'https://www.saucedemo.com/' successfully

19-07-2024T18:05:17 - [TEST_STEP][PASSED] - verifyElementPresent(findTestObject("SauceDemo/Logo"), 0): Object 'Object Repository/SauceDemo/Logo' is present

19-07-2024T18:05:17 - [MESSAGE][WARNING] - Timeout '0' is invalid. Using default page load timeout: '30'

19-07-2024T18:05:18 - [MESSAGE][PASSED] - Object 'Object Repository/SauceDemo/Logo' is present

19-07-2024T18:05:18 - [TEST_STEP][PASSED] - setText(findTestObject("Object Repository/SauceDemo/Page_Swag Labs/input_Swag Labs_user-name"), "standard_user"): Text 'standard_user' is set on object 'Object Repository/SauceDemo/Page_Swag Labs/input_Swag Labs_user-name'

19-07-2024T18:05:18 - [MESSAGE][PASSED] - Text 'standard_user' is set on object 'Object Repository/SauceDemo/Page_Swag Labs/input_Swag Labs_user-name'

19-07-2024T18:05:18 - [TEST_STEP][PASSED] - setEncryptedText(findTestObject("Object Repository/SauceDemo/Page_Swag Labs/input_Swag Labs_password"), "qcu24s4901FyWDTwXGr6XA=="): Text ****** has been set on object 'Object Repository/SauceDemo/Page_Swag Labs/input_Swag Labs_password'

19-07-2024T18:05:19 - [MESSAGE][PASSED] - Text ****** has been set on object 'Object Repository/SauceDemo/Page_Swag Labs/input_Swag Labs_password'

19-07-2024T18:05:19 - [TEST_STEP][PASSED] - click(findTestObject("Object Repository/SauceDemo/Page_Swag Labs/input_Swag Labs_login-button")): Object: 'Object Repository/SauceDemo/Page_Swag Labs/input_Swag Labs_login-button' is clicked on

19-07-2024T18:05:20 - [MESSAGE][PASSED] - Object: 'Object Repository/SauceDemo/Page_Swag Labs/input_Swag Labs_login-button' is clicked on

19-07-2024T18:05:20 - [TEST_STEP][PASSED] - click(findTestObject("Object Repository/SauceDemo/Page_Swag Labs/div_Swag Labs")): Object: 'Object Repository/SauceDemo/Page_Swag Labs/div_Swag Labs' is clicked on

19-07-2024T18:05:20 - [MESSAGE][PASSED] - Object: 'Object Repository/SauceDemo/Page_Swag Labs/div_Swag Labs' is clicked on

19-07-2024T18:05:20 - [TEST_STEP][PASSED] - verifyElementText(findTestObject("Object Repository/SauceDemo/Page_Swag Labs/div_Swag Labs"), "Swag Labs"): Actual text and expected text of test object 'Object Repository/SauceDemo/Page_Swag Labs/div_Swag Labs' are matched.

19-07-2024T18:05:20 - [MESSAGE][PASSED] - Actual text and expected text of test object 'Object Repository/SauceDemo/Page_Swag Labs/div_Swag Labs' are matched.

19-07-2024T18:05:20 - [MESSAGE][PASSED] - Call Test Case 'Test Cases/SauceDemo/Login' successfully

19-07-2024T18:05:20 - [TEST_STEP][PASSED] - click(findTestObject("SauceDemo/ProductsPage/Selected_Product")): Object: 'Object Repository/SauceDemo/ProductsPage/Selected_Product' is clicked on

19-07-2024T18:05:21 - [MESSAGE][PASSED] - Object: 'Object Repository/SauceDemo/ProductsPage/Selected_Product' is clicked on

19-07-2024T18:05:21 - [TEST_STEP][PASSED] - click(findTestObject("Object Repository/Page_Swag Labs/button_Add to cart")): Object: 'Object Repository/Page_Swag Labs/button_Add to cart' is clicked on

19-07-2024T18:05:21 - [MESSAGE][PASSED] - Object: 'Object Repository/Page_Swag Labs/button_Add to cart' is clicked on

19-07-2024T18:05:21 - [TEST_STEP][PASSED] - click(findTestObject("SauceDemo/ProductsPage/Your_Cart")): Object: 'Object Repository/SauceDemo/ProductsPage/Your_Cart' is clicked on

19-07-2024T18:05:22 - [MESSAGE][PASSED] - Object: 'Object Repository/SauceDemo/ProductsPage/Your_Cart' is clicked on

19-07-2024T18:05:22 - [TEST_STEP][PASSED] - verifyElementText(findTestObject("SauceDemo/ProductsPage/Selected_Product"), "Sauce Labs Backpack"): Actual text and expected text of test object 'Object Repository/SauceDemo/ProductsPage/Selected_Product' are matched.

19-07-2024T18:05:22 - [MESSAGE][PASSED] - Actual text and expected text of test object 'Object Repository/SauceDemo/ProductsPage/Selected_Product' are matched.

19-07-2024T18:05:22 - [MESSAGE][PASSED] - Call Test Case 'Test Cases/SauceDemo/ProductsPage/AddProductToCart' successfully

19-07-2024T18:05:22 - [TEST_STEP][PASSED] - click(findTestObject("SauceDemo/Cart Page/Remove")): Object: 'Object Repository/SauceDemo/Cart Page/Remove' is clicked on

19-07-2024T18:05:23 - [MESSAGE][PASSED] - Object: 'Object Repository/SauceDemo/Cart Page/Remove' is clicked on

19-07-2024T18:05:23 - [TEST_STEP][PASSED] - callTestCase(findTestCase("SauceDemo/Logout"), [:], STOP_ON_FAILURE): Call Test Case 'Test Cases/SauceDemo/Logout' successfully

19-07-2024T18:05:23 - [TEST_CASE][PASSED] - Test Cases/SauceDemo/Logout: Test Cases/SauceDemo/Logout

19-07-2024T18:05:23 - [TEST_STEP][PASSED] - click(findTestObject("SauceDemo/HomePage/MenuButton")): Object: 'Object Repository/SauceDemo/HomePage/MenuButton' is clicked on

19-07-2024T18:05:23 - [MESSAGE][PASSED] - Object: 'Object Repository/SauceDemo/HomePage/MenuButton' is clicked on

19-07-2024T18:05:23 - [TEST_STEP][PASSED] - click(findTestObject("SauceDemo/HomePage/Logout")): Object: 'Object Repository/SauceDemo/HomePage/Logout' is clicked on

19-07-2024T18:05:24 - [MESSAGE][PASSED] - Object: 'Object Repository/SauceDemo/HomePage/Logout' is clicked on

19-07-2024T18:05:24 - [TEST_STEP][PASSED] - closeBrowser(): Browser is closed

19-07-2024T18:05:24 - [MESSAGE][PASSED] - Browser is closed

19-07-2024T18:05:25 - [MESSAGE][PASSED] - Call Test Case 'Test Cases/SauceDemo/Logout' successfully

19-07-2024T18:05:25 - [MESSAGE][PASSED] - Call Test Case 'Test Cases/SauceDemo/Shopping/RemoveProduct' successfully

19-07-2024T18:05:25 - [TEST_STEP][FAILED] - click(findTestObject("SauceDemo/Cart Page/ContinueShoppingButton")): Unable to click on object 'Object Repository/SauceDemo/Cart Page/ContinueShoppingButton' (Root cause: com.kms.katalon.core.exception.StepFailedException: Unable to click on object 'Object Repository/SauceDemo/Cart Page/ContinueShoppingButton'
	at com.kms.katalon.core.webui.keyword.internal.WebUIKeywordMain.stepFailed(WebUIKeywordMain.groovy:64)
	at com.kms.katalon.core.webui.keyword.internal.WebUIKeywordMain.runKeyword(WebUIKeywordMain.groovy:26)
	at com.kms.katalon.core.webui.keyword.builtin.ClickKeyword.click(ClickKeyword.groovy:74)
	at com.kms.katalon.core.webui.keyword.builtin.ClickKeyword.execute(ClickKeyword.groovy:40)
	at com.kms.katalon.core.keyword.internal.KeywordExecutor.executeKeywordForPlatform(KeywordExecutor.groovy:74)
	at com.kms.katalon.core.webui.keyword.WebUiBuiltInKeywords.click(WebUiBuiltInKeywords.groovy:659)
	at ContinueShopping.run(ContinueShopping:22)
	at com.kms.katalon.core.main.ScriptEngine.run(ScriptEngine.java:194)
	at com.kms.katalon.core.main.ScriptEngine.runScriptAsRawText(ScriptEngine.java:119)
	at com.kms.katalon.core.main.TestCaseExecutor.runScript(TestCaseExecutor.java:448)
	at com.kms.katalon.core.main.TestCaseExecutor.doExecute(TestCaseExecutor.java:439)
	at com.kms.katalon.core.main.TestCaseExecutor.processExecutionPhase(TestCaseExecutor.java:418)
	at com.kms.katalon.core.main.TestCaseExecutor.accessMainPhase(TestCaseExecutor.java:410)
	at com.kms.katalon.core.main.TestCaseExecutor.execute(TestCaseExecutor.java:285)
	at com.kms.katalon.core.main.TestCaseExecutor.execute(TestCaseExecutor.java:369)
	at com.kms.katalon.core.main.TestCaseExecutor.execute(TestCaseExecutor.java:369)
	at com.kms.katalon.core.main.TestCaseExecutor.execute(TestCaseExecutor.java:369)
	at com.kms.katalon.core.common.CommonExecutor.accessTestCaseMainPhase(CommonExecutor.java:65)
	at com.kms.katalon.core.main.TestSuiteExecutor.accessTestSuiteMainPhase(TestSuiteExecutor.java:150)
	at com.kms.katalon.core.main.TestSuiteExecutor.execute(TestSuiteExecutor.java:106)
	at com.kms.katalon.core.main.TestCaseMain.startTestSuite(TestCaseMain.java:180)
	at TempTestSuite1721408578244.run(TempTestSuite1721408578244.groovy:35)
	at java.base/jdk.internal.reflect.NativeMethodAccessorImpl.invoke0(Native Method)
	at java.base/jdk.internal.reflect.NativeMethodAccessorImpl.invoke(NativeMethodAccessorImpl.java:77)
	at java.base/jdk.internal.reflect.DelegatingMethodAccessorImpl.invoke(DelegatingMethodAccessorImpl.java:43)
Caused by: org.openqa.selenium.NoSuchSessionException: Session ID is null. Using WebDriver after calling quit()?
Build info: version: '3.141.59', revision: 'unknown', time: 'unknown'
System info: host: 'DESKTOP-1F5MV9L', ip: '192.168.0.125', os.name: 'Windows 11', os.arch: 'amd64', os.version: '10.0', java.version: '17.0.7'
Driver info: driver.version: RemoteWebDriver
	at org.openqa.selenium.remote.HttpCommandExecutor.execute(HttpCommandExecutor.java:125)
	at org.openqa.selenium.remote.service.DriverCommandExecutor.execute(DriverCommandExecutor.java:83)
	at org.openqa.selenium.remote.RemoteWebDriver.execute(RemoteWebDriver.java:552)
	at com.kms.katalon.selenium.driver.CChromeDriver.execute(CChromeDriver.java:19)
	at org.openqa.selenium.remote.RemoteWebDriver.findElements(RemoteWebDriver.java:353)
	at org.openqa.selenium.remote.RemoteWebDriver.findElementsByXPath(RemoteWebDriver.java:432)
	at org.openqa.selenium.By$ByXPath.findElements(By.java:348)
	at org.openqa.selenium.remote.RemoteWebDriver.findElements(RemoteWebDriver.java:311)
	at com.kms.katalon.core.webui.common.WebUiCommonHelper.findElementByNormalMethods(WebUiCommonHelper.java:1036)
	at com.kms.katalon.core.webui.common.WebUiCommonHelper.findElementsBySelectedMethod(WebUiCommonHelper.java:921)
	at com.kms.katalon.core.webui.common.WebUiCommonHelper.findElementsBySelectedMethod(WebUiCommonHelper.java:902)
	at com.kms.katalon.core.webui.common.WebUiCommonHelper.findElementsBySelectedMethod(WebUiCommonHelper.java:897)
	at com.kms.katalon.core.webui.common.WebUiCommonHelper.findElementsByDefault(WebUiCommonHelper.java:893)
	at com.kms.katalon.core.webui.common.WebUiCommonHelper.findElementsWithSelfHealing(WebUiCommonHelper.java:739)
	at com.kms.katalon.core.webui.common.WebUiCommonHelper.findWebElements(WebUiCommonHelper.java:723)
	at com.kms.katalon.core.webui.common.WebUiCommonHelper.findWebElement(WebUiCommonHelper.java:1416)
	at com.kms.katalon.core.webui.keyword.internal.WebUIAbstractKeyword.findWebElement(WebUIAbstractKeyword.groovy:27)
	at com.kms.katalon.core.webui.keyword.builtin.ClickKeyword$_click_closure1.doCall(ClickKeyword.groovy:65)
	at com.kms.katalon.core.webui.keyword.builtin.ClickKeyword$_click_closure1.call(ClickKeyword.groovy)
	at com.kms.katalon.core.webui.keyword.internal.WebUIKeywordMain.runKeyword(WebUIKeywordMain.groovy:20)
	at com.kms.katalon.core.webui.keyword.builtin.ClickKeyword.click(ClickKeyword.groovy:74)
	at com.kms.katalon.core.webui.keyword.builtin.ClickKeyword.execute(ClickKeyword.groovy:40)
	at com.kms.katalon.core.keyword.internal.KeywordExecutor.executeKeywordForPlatform(KeywordExecutor.groovy:74)
	at com.kms.katalon.core.webui.keyword.WebUiBuiltInKeywords.click(WebUiBuiltInKeywords.groovy:659)
	at Script1721408087479.run(Script1721408087479.groovy:22)
	... 18 more
)

19-07-2024T18:05:25 - [MESSAGE][WARNING] - [SELF-HEALING] Failed to find element with id 'Object Repository/SauceDemo/Cart Page/ContinueShoppingButton'. Try using Self-healing.

19-07-2024T18:05:26 - [MESSAGE][INFO] - [SELF-HEALING] No working XPath is found.

19-07-2024T18:05:27 - [MESSAGE][WARNING] - [SELF-HEALING] Session ID is null. Using WebDriver after calling quit()?
Build info: version: '3.141.59', revision: 'unknown', time: 'unknown'
System info: host: 'DESKTOP-1F5MV9L', ip: '192.168.0.125', os.name: 'Windows 11', os.arch: 'amd64', os.version: '10.0', java.version: '17.0.7'
Driver info: driver.version: RemoteWebDriver

19-07-2024T18:05:27 - [MESSAGE][WARNING] - [SELF-HEALING] Cannot find elements when the selector is null

19-07-2024T18:05:27 - [MESSAGE][WARNING] - Cannot take screenshot

19-07-2024T18:05:27 - [MESSAGE][FAILED] - Unable to click on object 'Object Repository/SauceDemo/Cart Page/ContinueShoppingButton' (Root cause: com.kms.katalon.core.exception.StepFailedException: Unable to click on object 'Object Repository/SauceDemo/Cart Page/ContinueShoppingButton'
	at com.kms.katalon.core.webui.keyword.internal.WebUIKeywordMain.stepFailed(WebUIKeywordMain.groovy:64)
	at com.kms.katalon.core.webui.keyword.internal.WebUIKeywordMain.runKeyword(WebUIKeywordMain.groovy:26)
	at com.kms.katalon.core.webui.keyword.builtin.ClickKeyword.click(ClickKeyword.groovy:74)
	at com.kms.katalon.core.webui.keyword.builtin.ClickKeyword.execute(ClickKeyword.groovy:40)
	at com.kms.katalon.core.keyword.internal.KeywordExecutor.executeKeywordForPlatform(KeywordExecutor.groovy:74)
	at com.kms.katalon.core.webui.keyword.WebUiBuiltInKeywords.click(WebUiBuiltInKeywords.groovy:659)
	at ContinueShopping.run(ContinueShopping:22)
	at com.kms.katalon.core.main.ScriptEngine.run(ScriptEngine.java:194)
	at com.kms.katalon.core.main.ScriptEngine.runScriptAsRawText(ScriptEngine.java:119)
	at com.kms.katalon.core.main.TestCaseExecutor.runScript(TestCaseExecutor.java:448)
	at com.kms.katalon.core.main.TestCaseExecutor.doExecute(TestCaseExecutor.java:439)
	at com.kms.katalon.core.main.TestCaseExecutor.processExecutionPhase(TestCaseExecutor.java:418)
	at com.kms.katalon.core.main.TestCaseExecutor.accessMainPhase(TestCaseExecutor.java:410)
	at com.kms.katalon.core.main.TestCaseExecutor.execute(TestCaseExecutor.java:285)
	at com.kms.katalon.core.main.TestCaseExecutor.execute(TestCaseExecutor.java:369)
	at com.kms.katalon.core.main.TestCaseExecutor.execute(TestCaseExecutor.java:369)
	at com.kms.katalon.core.main.TestCaseExecutor.execute(TestCaseExecutor.java:369)
	at com.kms.katalon.core.common.CommonExecutor.accessTestCaseMainPhase(CommonExecutor.java:65)
	at com.kms.katalon.core.main.TestSuiteExecutor.accessTestSuiteMainPhase(TestSuiteExecutor.java:150)
	at com.kms.katalon.core.main.TestSuiteExecutor.execute(TestSuiteExecutor.java:106)
	at com.kms.katalon.core.main.TestCaseMain.startTestSuite(TestCaseMain.java:180)
	at TempTestSuite1721408578244.run(TempTestSuite1721408578244.groovy:35)
	at java.base/jdk.internal.reflect.NativeMethodAccessorImpl.invoke0(Native Method)
	at java.base/jdk.internal.reflect.NativeMethodAccessorImpl.invoke(NativeMethodAccessorImpl.java:77)
	at java.base/jdk.internal.reflect.DelegatingMethodAccessorImpl.invoke(DelegatingMethodAccessorImpl.java:43)
Caused by: org.openqa.selenium.NoSuchSessionException: Session ID is null. Using WebDriver after calling quit()?
Build info: version: '3.141.59', revision: 'unknown', time: 'unknown'
System info: host: 'DESKTOP-1F5MV9L', ip: '192.168.0.125', os.name: 'Windows 11', os.arch: 'amd64', os.version: '10.0', java.version: '17.0.7'
Driver info: driver.version: RemoteWebDriver
	at org.openqa.selenium.remote.HttpCommandExecutor.execute(HttpCommandExecutor.java:125)
	at org.openqa.selenium.remote.service.DriverCommandExecutor.execute(DriverCommandExecutor.java:83)
	at org.openqa.selenium.remote.RemoteWebDriver.execute(RemoteWebDriver.java:552)
	at com.kms.katalon.selenium.driver.CChromeDriver.execute(CChromeDriver.java:19)
	at org.openqa.selenium.remote.RemoteWebDriver.findElements(RemoteWebDriver.java:353)
	at org.openqa.selenium.remote.RemoteWebDriver.findElementsByXPath(RemoteWebDriver.java:432)
	at org.openqa.selenium.By$ByXPath.findElements(By.java:348)
	at org.openqa.selenium.remote.RemoteWebDriver.findElements(RemoteWebDriver.java:311)
	at com.kms.katalon.core.webui.common.WebUiCommonHelper.findElementByNormalMethods(WebUiCommonHelper.java:1036)
	at com.kms.katalon.core.webui.common.WebUiCommonHelper.findElementsBySelectedMethod(WebUiCommonHelper.java:921)
	at com.kms.katalon.core.webui.common.WebUiCommonHelper.findElementsBySelectedMethod(WebUiCommonHelper.java:902)
	at com.kms.katalon.core.webui.common.WebUiCommonHelper.findElementsBySelectedMethod(WebUiCommonHelper.java:897)
	at com.kms.katalon.core.webui.common.WebUiCommonHelper.findElementsByDefault(WebUiCommonHelper.java:893)
	at com.kms.katalon.core.webui.common.WebUiCommonHelper.findElementsWithSelfHealing(WebUiCommonHelper.java:739)
	at com.kms.katalon.core.webui.common.WebUiCommonHelper.findWebElements(WebUiCommonHelper.java:723)
	at com.kms.katalon.core.webui.common.WebUiCommonHelper.findWebElement(WebUiCommonHelper.java:1416)
	at com.kms.katalon.core.webui.keyword.internal.WebUIAbstractKeyword.findWebElement(WebUIAbstractKeyword.groovy:27)
	at com.kms.katalon.core.webui.keyword.builtin.ClickKeyword$_click_closure1.doCall(ClickKeyword.groovy:65)
	at com.kms.katalon.core.webui.keyword.builtin.ClickKeyword$_click_closure1.call(ClickKeyword.groovy)
	at com.kms.katalon.core.webui.keyword.internal.WebUIKeywordMain.runKeyword(WebUIKeywordMain.groovy:20)
	at com.kms.katalon.core.webui.keyword.builtin.ClickKeyword.click(ClickKeyword.groovy:74)
	at com.kms.katalon.core.webui.keyword.builtin.ClickKeyword.execute(ClickKeyword.groovy:40)
	at com.kms.katalon.core.keyword.internal.KeywordExecutor.executeKeywordForPlatform(KeywordExecutor.groovy:74)
	at com.kms.katalon.core.webui.keyword.WebUiBuiltInKeywords.click(WebUiBuiltInKeywords.groovy:659)
	at Script1721408087479.run(Script1721408087479.groovy:22)
	... 18 more
)]]></system-out>
         <system-err><![CDATA[19-07-2024T18:05:14 - [TEST_CASE][FAILED] - Test Cases/SauceDemo/Shopping/ContinueShopping: Test Cases/SauceDemo/Shopping/ContinueShopping FAILED.
Reason:
com.kms.katalon.core.exception.StepFailedException: Unable to click on object 'Object Repository/SauceDemo/Cart Page/ContinueShoppingButton'
	at com.kms.katalon.core.webui.keyword.internal.WebUIKeywordMain.stepFailed(WebUIKeywordMain.groovy:64)
	at com.kms.katalon.core.webui.keyword.internal.WebUIKeywordMain.runKeyword(WebUIKeywordMain.groovy:26)
	at com.kms.katalon.core.webui.keyword.builtin.ClickKeyword.click(ClickKeyword.groovy:74)
	at com.kms.katalon.core.webui.keyword.builtin.ClickKeyword.execute(ClickKeyword.groovy:40)
	at com.kms.katalon.core.keyword.internal.KeywordExecutor.executeKeywordForPlatform(KeywordExecutor.groovy:74)
	at com.kms.katalon.core.webui.keyword.WebUiBuiltInKeywords.click(WebUiBuiltInKeywords.groovy:659)
	at ContinueShopping.run(ContinueShopping:22)
	at com.kms.katalon.core.main.ScriptEngine.run(ScriptEngine.java:194)
	at com.kms.katalon.core.main.ScriptEngine.runScriptAsRawText(ScriptEngine.java:119)
	at com.kms.katalon.core.main.TestCaseExecutor.runScript(TestCaseExecutor.java:448)
	at com.kms.katalon.core.main.TestCaseExecutor.doExecute(TestCaseExecutor.java:439)
	at com.kms.katalon.core.main.TestCaseExecutor.processExecutionPhase(TestCaseExecutor.java:418)
	at com.kms.katalon.core.main.TestCaseExecutor.accessMainPhase(TestCaseExecutor.java:410)
	at com.kms.katalon.core.main.TestCaseExecutor.execute(TestCaseExecutor.java:285)
	at com.kms.katalon.core.main.TestCaseExecutor.execute(TestCaseExecutor.java:369)
	at com.kms.katalon.core.main.TestCaseExecutor.execute(TestCaseExecutor.java:369)
	at com.kms.katalon.core.main.TestCaseExecutor.execute(TestCaseExecutor.java:369)
	at com.kms.katalon.core.common.CommonExecutor.accessTestCaseMainPhase(CommonExecutor.java:65)
	at com.kms.katalon.core.main.TestSuiteExecutor.accessTestSuiteMainPhase(TestSuiteExecutor.java:150)
	at com.kms.katalon.core.main.TestSuiteExecutor.execute(TestSuiteExecutor.java:106)
	at com.kms.katalon.core.main.TestCaseMain.startTestSuite(TestCaseMain.java:180)
	at TempTestSuite1721408578244.run(TempTestSuite1721408578244.groovy:35)
	at java.base/jdk.internal.reflect.NativeMethodAccessorImpl.invoke0(Native Method)
	at java.base/jdk.internal.reflect.NativeMethodAccessorImpl.invoke(NativeMethodAccessorImpl.java:77)
	at java.base/jdk.internal.reflect.DelegatingMethodAccessorImpl.invoke(DelegatingMethodAccessorImpl.java:43)
Caused by: org.openqa.selenium.NoSuchSessionException: Session ID is null. Using WebDriver after calling quit()?
Build info: version: '3.141.59', revision: 'unknown', time: 'unknown'
System info: host: 'DESKTOP-1F5MV9L', ip: '192.168.0.125', os.name: 'Windows 11', os.arch: 'amd64', os.version: '10.0', java.version: '17.0.7'
Driver info: driver.version: RemoteWebDriver
	at org.openqa.selenium.remote.HttpCommandExecutor.execute(HttpCommandExecutor.java:125)
	at org.openqa.selenium.remote.service.DriverCommandExecutor.execute(DriverCommandExecutor.java:83)
	at org.openqa.selenium.remote.RemoteWebDriver.execute(RemoteWebDriver.java:552)
	at com.kms.katalon.selenium.driver.CChromeDriver.execute(CChromeDriver.java:19)
	at org.openqa.selenium.remote.RemoteWebDriver.findElements(RemoteWebDriver.java:353)
	at org.openqa.selenium.remote.RemoteWebDriver.findElementsByXPath(RemoteWebDriver.java:432)
	at org.openqa.selenium.By$ByXPath.findElements(By.java:348)
	at org.openqa.selenium.remote.RemoteWebDriver.findElements(RemoteWebDriver.java:311)
	at com.kms.katalon.core.webui.common.WebUiCommonHelper.findElementByNormalMethods(WebUiCommonHelper.java:1036)
	at com.kms.katalon.core.webui.common.WebUiCommonHelper.findElementsBySelectedMethod(WebUiCommonHelper.java:921)
	at com.kms.katalon.core.webui.common.WebUiCommonHelper.findElementsBySelectedMethod(WebUiCommonHelper.java:902)
	at com.kms.katalon.core.webui.common.WebUiCommonHelper.findElementsBySelectedMethod(WebUiCommonHelper.java:897)
	at com.kms.katalon.core.webui.common.WebUiCommonHelper.findElementsByDefault(WebUiCommonHelper.java:893)
	at com.kms.katalon.core.webui.common.WebUiCommonHelper.findElementsWithSelfHealing(WebUiCommonHelper.java:739)
	at com.kms.katalon.core.webui.common.WebUiCommonHelper.findWebElements(WebUiCommonHelper.java:723)
	at com.kms.katalon.core.webui.common.WebUiCommonHelper.findWebElement(WebUiCommonHelper.java:1416)
	at com.kms.katalon.core.webui.keyword.internal.WebUIAbstractKeyword.findWebElement(WebUIAbstractKeyword.groovy:27)
	at com.kms.katalon.core.webui.keyword.builtin.ClickKeyword$_click_closure1.doCall(ClickKeyword.groovy:65)
	at com.kms.katalon.core.webui.keyword.builtin.ClickKeyword$_click_closure1.call(ClickKeyword.groovy)
	at com.kms.katalon.core.webui.keyword.internal.WebUIKeywordMain.runKeyword(WebUIKeywordMain.groovy:20)
	... 23 more]]></system-err>
      </testcase>
      <testcase name="Test Cases/SauceDemo/Shopping/RemoveProduct" time="10.66" classname="Test Cases/SauceDemo/Shopping/RemoveProduct" status="PASSED">
         <system-out><![CDATA[19-07-2024T18:05:27 - [TEST_CASE][PASSED] - Test Cases/SauceDemo/Shopping/RemoveProduct: Test Cases/SauceDemo/Shopping/RemoveProduct

19-07-2024T18:05:27 - [TEST_STEP][PASSED] - callTestCase(findTestCase("SauceDemo/ProductsPage/AddProductToCart"), [:], STOP_ON_FAILURE): Call Test Case 'Test Cases/SauceDemo/ProductsPage/AddProductToCart' successfully

19-07-2024T18:05:27 - [TEST_CASE][PASSED] - Test Cases/SauceDemo/ProductsPage/AddProductToCart: Test Cases/SauceDemo/ProductsPage/AddProductToCart

19-07-2024T18:05:27 - [TEST_STEP][PASSED] - callTestCase(findTestCase("SauceDemo/Login"), [:], STOP_ON_FAILURE): Call Test Case 'Test Cases/SauceDemo/Login' successfully

19-07-2024T18:05:27 - [TEST_CASE][PASSED] - Test Cases/SauceDemo/Login: Test Cases/SauceDemo/Login

19-07-2024T18:05:27 - [TEST_STEP][PASSED] - openBrowser(""): Browser is opened with url: ''

19-07-2024T18:05:27 - [MESSAGE][INFO] - Starting 'Chrome' driver

19-07-2024T18:05:27 - [MESSAGE][INFO] - Action delay is set to 0 milliseconds

19-07-2024T18:05:28 - [MESSAGE][PASSED] - Browser is opened with url: ''

19-07-2024T18:05:28 - [TEST_STEP][PASSED] - navigateToUrl("https://www.saucedemo.com/"): Navigate to 'https://www.saucedemo.com/' successfully

19-07-2024T18:05:29 - [MESSAGE][PASSED] - Navigate to 'https://www.saucedemo.com/' successfully

19-07-2024T18:05:29 - [TEST_STEP][PASSED] - verifyElementPresent(findTestObject("SauceDemo/Logo"), 0): Object 'Object Repository/SauceDemo/Logo' is present

19-07-2024T18:05:29 - [MESSAGE][WARNING] - Timeout '0' is invalid. Using default page load timeout: '30'

19-07-2024T18:05:30 - [MESSAGE][PASSED] - Object 'Object Repository/SauceDemo/Logo' is present

19-07-2024T18:05:30 - [TEST_STEP][PASSED] - setText(findTestObject("Object Repository/SauceDemo/Page_Swag Labs/input_Swag Labs_user-name"), "standard_user"): Text 'standard_user' is set on object 'Object Repository/SauceDemo/Page_Swag Labs/input_Swag Labs_user-name'

19-07-2024T18:05:31 - [MESSAGE][PASSED] - Text 'standard_user' is set on object 'Object Repository/SauceDemo/Page_Swag Labs/input_Swag Labs_user-name'

19-07-2024T18:05:31 - [TEST_STEP][PASSED] - setEncryptedText(findTestObject("Object Repository/SauceDemo/Page_Swag Labs/input_Swag Labs_password"), "qcu24s4901FyWDTwXGr6XA=="): Text ****** has been set on object 'Object Repository/SauceDemo/Page_Swag Labs/input_Swag Labs_password'

19-07-2024T18:05:32 - [MESSAGE][PASSED] - Text ****** has been set on object 'Object Repository/SauceDemo/Page_Swag Labs/input_Swag Labs_password'

19-07-2024T18:05:32 - [TEST_STEP][PASSED] - click(findTestObject("Object Repository/SauceDemo/Page_Swag Labs/input_Swag Labs_login-button")): Object: 'Object Repository/SauceDemo/Page_Swag Labs/input_Swag Labs_login-button' is clicked on

19-07-2024T18:05:32 - [MESSAGE][PASSED] - Object: 'Object Repository/SauceDemo/Page_Swag Labs/input_Swag Labs_login-button' is clicked on

19-07-2024T18:05:32 - [TEST_STEP][PASSED] - click(findTestObject("Object Repository/SauceDemo/Page_Swag Labs/div_Swag Labs")): Object: 'Object Repository/SauceDemo/Page_Swag Labs/div_Swag Labs' is clicked on

19-07-2024T18:05:33 - [MESSAGE][PASSED] - Object: 'Object Repository/SauceDemo/Page_Swag Labs/div_Swag Labs' is clicked on

19-07-2024T18:05:33 - [TEST_STEP][PASSED] - verifyElementText(findTestObject("Object Repository/SauceDemo/Page_Swag Labs/div_Swag Labs"), "Swag Labs"): Actual text and expected text of test object 'Object Repository/SauceDemo/Page_Swag Labs/div_Swag Labs' are matched.

19-07-2024T18:05:33 - [MESSAGE][PASSED] - Actual text and expected text of test object 'Object Repository/SauceDemo/Page_Swag Labs/div_Swag Labs' are matched.

19-07-2024T18:05:33 - [MESSAGE][PASSED] - Call Test Case 'Test Cases/SauceDemo/Login' successfully

19-07-2024T18:05:33 - [TEST_STEP][PASSED] - click(findTestObject("SauceDemo/ProductsPage/Selected_Product")): Object: 'Object Repository/SauceDemo/ProductsPage/Selected_Product' is clicked on

19-07-2024T18:05:33 - [MESSAGE][PASSED] - Object: 'Object Repository/SauceDemo/ProductsPage/Selected_Product' is clicked on

19-07-2024T18:05:33 - [TEST_STEP][PASSED] - click(findTestObject("Object Repository/Page_Swag Labs/button_Add to cart")): Object: 'Object Repository/Page_Swag Labs/button_Add to cart' is clicked on

19-07-2024T18:05:34 - [MESSAGE][PASSED] - Object: 'Object Repository/Page_Swag Labs/button_Add to cart' is clicked on

19-07-2024T18:05:34 - [TEST_STEP][PASSED] - click(findTestObject("SauceDemo/ProductsPage/Your_Cart")): Object: 'Object Repository/SauceDemo/ProductsPage/Your_Cart' is clicked on

19-07-2024T18:05:35 - [MESSAGE][PASSED] - Object: 'Object Repository/SauceDemo/ProductsPage/Your_Cart' is clicked on

19-07-2024T18:05:35 - [TEST_STEP][PASSED] - verifyElementText(findTestObject("SauceDemo/ProductsPage/Selected_Product"), "Sauce Labs Backpack"): Actual text and expected text of test object 'Object Repository/SauceDemo/ProductsPage/Selected_Product' are matched.

19-07-2024T18:05:35 - [MESSAGE][PASSED] - Actual text and expected text of test object 'Object Repository/SauceDemo/ProductsPage/Selected_Product' are matched.

19-07-2024T18:05:35 - [MESSAGE][PASSED] - Call Test Case 'Test Cases/SauceDemo/ProductsPage/AddProductToCart' successfully

19-07-2024T18:05:35 - [TEST_STEP][PASSED] - click(findTestObject("SauceDemo/Cart Page/Remove")): Object: 'Object Repository/SauceDemo/Cart Page/Remove' is clicked on

19-07-2024T18:05:36 - [MESSAGE][PASSED] - Object: 'Object Repository/SauceDemo/Cart Page/Remove' is clicked on

19-07-2024T18:05:36 - [TEST_STEP][PASSED] - callTestCase(findTestCase("SauceDemo/Logout"), [:], STOP_ON_FAILURE): Call Test Case 'Test Cases/SauceDemo/Logout' successfully

19-07-2024T18:05:36 - [TEST_CASE][PASSED] - Test Cases/SauceDemo/Logout: Test Cases/SauceDemo/Logout

19-07-2024T18:05:36 - [TEST_STEP][PASSED] - click(findTestObject("SauceDemo/HomePage/MenuButton")): Object: 'Object Repository/SauceDemo/HomePage/MenuButton' is clicked on

19-07-2024T18:05:36 - [MESSAGE][PASSED] - Object: 'Object Repository/SauceDemo/HomePage/MenuButton' is clicked on

19-07-2024T18:05:36 - [TEST_STEP][PASSED] - click(findTestObject("SauceDemo/HomePage/Logout")): Object: 'Object Repository/SauceDemo/HomePage/Logout' is clicked on

19-07-2024T18:05:37 - [MESSAGE][PASSED] - Object: 'Object Repository/SauceDemo/HomePage/Logout' is clicked on

19-07-2024T18:05:37 - [TEST_STEP][PASSED] - closeBrowser(): Browser is closed

19-07-2024T18:05:37 - [MESSAGE][PASSED] - Browser is closed

19-07-2024T18:05:37 - [MESSAGE][PASSED] - Call Test Case 'Test Cases/SauceDemo/Logout' successfully]]></system-out>
         <system-err><![CDATA[]]></system-err>
      </testcase>
      <system-out><![CDATA[19-07-2024T18:03:05 - [TEST_SUITE][FAILED] - SauceDemo: Test Cases/SauceDemo/Shopping/ContinueShopping FAILED.
Reason:
com.kms.katalon.core.exception.StepFailedException: Unable to click on object 'Object Repository/SauceDemo/Cart Page/ContinueShoppingButton'
	at com.kms.katalon.core.webui.keyword.internal.WebUIKeywordMain.stepFailed(WebUIKeywordMain.groovy:64)
	at com.kms.katalon.core.webui.keyword.internal.WebUIKeywordMain.runKeyword(WebUIKeywordMain.groovy:26)
	at com.kms.katalon.core.webui.keyword.builtin.ClickKeyword.click(ClickKeyword.groovy:74)
	at com.kms.katalon.core.webui.keyword.builtin.ClickKeyword.execute(ClickKeyword.groovy:40)
	at com.kms.katalon.core.keyword.internal.KeywordExecutor.executeKeywordForPlatform(KeywordExecutor.groovy:74)
	at com.kms.katalon.core.webui.keyword.WebUiBuiltInKeywords.click(WebUiBuiltInKeywords.groovy:659)
	at ContinueShopping.run(ContinueShopping:22)
	at com.kms.katalon.core.main.ScriptEngine.run(ScriptEngine.java:194)
	at com.kms.katalon.core.main.ScriptEngine.runScriptAsRawText(ScriptEngine.java:119)
	at com.kms.katalon.core.main.TestCaseExecutor.runScript(TestCaseExecutor.java:448)
	at com.kms.katalon.core.main.TestCaseExecutor.doExecute(TestCaseExecutor.java:439)
	at com.kms.katalon.core.main.TestCaseExecutor.processExecutionPhase(TestCaseExecutor.java:418)
	at com.kms.katalon.core.main.TestCaseExecutor.accessMainPhase(TestCaseExecutor.java:410)
	at com.kms.katalon.core.main.TestCaseExecutor.execute(TestCaseExecutor.java:285)
	at com.kms.katalon.core.common.CommonExecutor.accessTestCaseMainPhase(CommonExecutor.java:65)
	at com.kms.katalon.core.main.TestSuiteExecutor.accessTestSuiteMainPhase(TestSuiteExecutor.java:150)
	at com.kms.katalon.core.main.TestSuiteExecutor.execute(TestSuiteExecutor.java:106)
	at com.kms.katalon.core.main.TestCaseMain.startTestSuite(TestCaseMain.java:180)
	at TempTestSuite1721408578244.run(TempTestSuite1721408578244.groovy:35)
	at java.base/jdk.internal.reflect.NativeMethodAccessorImpl.invoke0(Native Method)
	at java.base/jdk.internal.reflect.NativeMethodAccessorImpl.invoke(NativeMethodAccessorImpl.java:77)
	at java.base/jdk.internal.reflect.DelegatingMethodAccessorImpl.invoke(DelegatingMethodAccessorImpl.java:43)
Caused by: org.openqa.selenium.NoSuchSessionException: Session ID is null. Using WebDriver after calling quit()?
Build info: version: '3.141.59', revision: 'unknown', time: 'unknown'
System info: host: 'DESKTOP-1F5MV9L', ip: '192.168.0.125', os.name: 'Windows 11', os.arch: 'amd64', os.version: '10.0', java.version: '17.0.7'
Driver info: driver.version: RemoteWebDriver
	at org.openqa.selenium.remote.HttpCommandExecutor.execute(HttpCommandExecutor.java:125)
	at org.openqa.selenium.remote.service.DriverCommandExecutor.execute(DriverCommandExecutor.java:83)
	at org.openqa.selenium.remote.RemoteWebDriver.execute(RemoteWebDriver.java:552)
	at com.kms.katalon.selenium.driver.CChromeDriver.execute(CChromeDriver.java:19)
	at org.openqa.selenium.remote.RemoteWebDriver.findElements(RemoteWebDriver.java:353)
	at org.openqa.selenium.remote.RemoteWebDriver.findElementsByXPath(RemoteWebDriver.java:432)
	at org.openqa.selenium.By$ByXPath.findElements(By.java:348)
	at org.openqa.selenium.remote.RemoteWebDriver.findElements(RemoteWebDriver.java:311)
	at com.kms.katalon.core.webui.common.WebUiCommonHelper.findElementByNormalMethods(WebUiCommonHelper.java:1036)
	at com.kms.katalon.core.webui.common.WebUiCommonHelper.findElementsBySelectedMethod(WebUiCommonHelper.java:921)
	at com.kms.katalon.core.webui.common.WebUiCommonHelper.findElementsBySelectedMethod(WebUiCommonHelper.java:902)
	at com.kms.katalon.core.webui.common.WebUiCommonHelper.findElementsBySelectedMethod(WebUiCommonHelper.java:897)
	at com.kms.katalon.core.webui.common.WebUiCommonHelper.findElementsByDefault(WebUiCommonHelper.java:893)
	at com.kms.katalon.core.webui.common.WebUiCommonHelper.findElementsWithSelfHealing(WebUiCommonHelper.java:739)
	at com.kms.katalon.core.webui.common.WebUiCommonHelper.findWebElements(WebUiCommonHelper.java:723)
	at com.kms.katalon.core.webui.common.WebUiCommonHelper.findWebElement(WebUiCommonHelper.java:1416)
	at com.kms.katalon.core.webui.keyword.internal.WebUIAbstractKeyword.findWebElement(WebUIAbstractKeyword.groovy:27)
	at com.kms.katalon.core.webui.keyword.builtin.ClickKeyword$_click_closure1.doCall(ClickKeyword.groovy:65)
	at com.kms.katalon.core.webui.keyword.builtin.ClickKeyword$_click_closure1.call(ClickKeyword.groovy)
	at com.kms.katalon.core.webui.keyword.internal.WebUIKeywordMain.runKeyword(WebUIKeywordMain.groovy:20)
	... 20 more]]></system-out>
      <system-err><![CDATA[19-07-2024T18:03:05 - [TEST_SUITE][FAILED] - SauceDemo: Test Cases/SauceDemo/Shopping/ContinueShopping FAILED.
Reason:
com.kms.katalon.core.exception.StepFailedException: Unable to click on object 'Object Repository/SauceDemo/Cart Page/ContinueShoppingButton'
	at com.kms.katalon.core.webui.keyword.internal.WebUIKeywordMain.stepFailed(WebUIKeywordMain.groovy:64)
	at com.kms.katalon.core.webui.keyword.internal.WebUIKeywordMain.runKeyword(WebUIKeywordMain.groovy:26)
	at com.kms.katalon.core.webui.keyword.builtin.ClickKeyword.click(ClickKeyword.groovy:74)
	at com.kms.katalon.core.webui.keyword.builtin.ClickKeyword.execute(ClickKeyword.groovy:40)
	at com.kms.katalon.core.keyword.internal.KeywordExecutor.executeKeywordForPlatform(KeywordExecutor.groovy:74)
	at com.kms.katalon.core.webui.keyword.WebUiBuiltInKeywords.click(WebUiBuiltInKeywords.groovy:659)
	at ContinueShopping.run(ContinueShopping:22)
	at com.kms.katalon.core.main.ScriptEngine.run(ScriptEngine.java:194)
	at com.kms.katalon.core.main.ScriptEngine.runScriptAsRawText(ScriptEngine.java:119)
	at com.kms.katalon.core.main.TestCaseExecutor.runScript(TestCaseExecutor.java:448)
	at com.kms.katalon.core.main.TestCaseExecutor.doExecute(TestCaseExecutor.java:439)
	at com.kms.katalon.core.main.TestCaseExecutor.processExecutionPhase(TestCaseExecutor.java:418)
	at com.kms.katalon.core.main.TestCaseExecutor.accessMainPhase(TestCaseExecutor.java:410)
	at com.kms.katalon.core.main.TestCaseExecutor.execute(TestCaseExecutor.java:285)
	at com.kms.katalon.core.common.CommonExecutor.accessTestCaseMainPhase(CommonExecutor.java:65)
	at com.kms.katalon.core.main.TestSuiteExecutor.accessTestSuiteMainPhase(TestSuiteExecutor.java:150)
	at com.kms.katalon.core.main.TestSuiteExecutor.execute(TestSuiteExecutor.java:106)
	at com.kms.katalon.core.main.TestCaseMain.startTestSuite(TestCaseMain.java:180)
	at TempTestSuite1721408578244.run(TempTestSuite1721408578244.groovy:35)
	at java.base/jdk.internal.reflect.NativeMethodAccessorImpl.invoke0(Native Method)
	at java.base/jdk.internal.reflect.NativeMethodAccessorImpl.invoke(NativeMethodAccessorImpl.java:77)
	at java.base/jdk.internal.reflect.DelegatingMethodAccessorImpl.invoke(DelegatingMethodAccessorImpl.java:43)
Caused by: org.openqa.selenium.NoSuchSessionException: Session ID is null. Using WebDriver after calling quit()?
Build info: version: '3.141.59', revision: 'unknown', time: 'unknown'
System info: host: 'DESKTOP-1F5MV9L', ip: '192.168.0.125', os.name: 'Windows 11', os.arch: 'amd64', os.version: '10.0', java.version: '17.0.7'
Driver info: driver.version: RemoteWebDriver
	at org.openqa.selenium.remote.HttpCommandExecutor.execute(HttpCommandExecutor.java:125)
	at org.openqa.selenium.remote.service.DriverCommandExecutor.execute(DriverCommandExecutor.java:83)
	at org.openqa.selenium.remote.RemoteWebDriver.execute(RemoteWebDriver.java:552)
	at com.kms.katalon.selenium.driver.CChromeDriver.execute(CChromeDriver.java:19)
	at org.openqa.selenium.remote.RemoteWebDriver.findElements(RemoteWebDriver.java:353)
	at org.openqa.selenium.remote.RemoteWebDriver.findElementsByXPath(RemoteWebDriver.java:432)
	at org.openqa.selenium.By$ByXPath.findElements(By.java:348)
	at org.openqa.selenium.remote.RemoteWebDriver.findElements(RemoteWebDriver.java:311)
	at com.kms.katalon.core.webui.common.WebUiCommonHelper.findElementByNormalMethods(WebUiCommonHelper.java:1036)
	at com.kms.katalon.core.webui.common.WebUiCommonHelper.findElementsBySelectedMethod(WebUiCommonHelper.java:921)
	at com.kms.katalon.core.webui.common.WebUiCommonHelper.findElementsBySelectedMethod(WebUiCommonHelper.java:902)
	at com.kms.katalon.core.webui.common.WebUiCommonHelper.findElementsBySelectedMethod(WebUiCommonHelper.java:897)
	at com.kms.katalon.core.webui.common.WebUiCommonHelper.findElementsByDefault(WebUiCommonHelper.java:893)
	at com.kms.katalon.core.webui.common.WebUiCommonHelper.findElementsWithSelfHealing(WebUiCommonHelper.java:739)
	at com.kms.katalon.core.webui.common.WebUiCommonHelper.findWebElements(WebUiCommonHelper.java:723)
	at com.kms.katalon.core.webui.common.WebUiCommonHelper.findWebElement(WebUiCommonHelper.java:1416)
	at com.kms.katalon.core.webui.keyword.internal.WebUIAbstractKeyword.findWebElement(WebUIAbstractKeyword.groovy:27)
	at com.kms.katalon.core.webui.keyword.builtin.ClickKeyword$_click_closure1.doCall(ClickKeyword.groovy:65)
	at com.kms.katalon.core.webui.keyword.builtin.ClickKeyword$_click_closure1.call(ClickKeyword.groovy)
	at com.kms.katalon.core.webui.keyword.internal.WebUIKeywordMain.runKeyword(WebUIKeywordMain.groovy:20)
	... 20 more]]></system-err>
   </testsuite>
</testsuites>
